ERROR 2026-01-15 11:13:42,224 log 4956 17268 Internal Server Error: /api/v1/schools/
Traceback (most recent call last):
  File "C:\Users\lcpir\AppData\Local\pypoetry\Cache\virtualenvs\eleveia-api-169xUqfy-py3.11\Lib\site-packages\django\db\backends\utils.py", line 105, in _execute
    return self.cursor.execute(sql, params)
           ^^^^^^^^^^^^^^^^^^^^^^^^^^^^^^^^
psycopg2.errors.UndefinedTable: relation "schools_school" does not exist
LINE 1: SELECT COUNT(*) AS "__count" FROM "schools_school"
                                          ^


The above exception was the direct cause of the following exception:

Traceback (most recent call last):
  File "C:\Users\lcpir\AppData\Local\pypoetry\Cache\virtualenvs\eleveia-api-169xUqfy-py3.11\Lib\site-packages\django\core\handlers\exception.py", line 55, in inner
    response = get_response(request)
               ^^^^^^^^^^^^^^^^^^^^^
  File "C:\Users\lcpir\AppData\Local\pypoetry\Cache\virtualenvs\eleveia-api-169xUqfy-py3.11\Lib\site-packages\django\core\handlers\base.py", line 197, in _get_response
    response = wrapped_callback(request, *callback_args, **callback_kwargs)
               ^^^^^^^^^^^^^^^^^^^^^^^^^^^^^^^^^^^^^^^^^^^^^^^^^^^^^^^^^^^^
  File "C:\Users\lcpir\AppData\Local\pypoetry\Cache\virtualenvs\eleveia-api-169xUqfy-py3.11\Lib\site-packages\django\views\decorators\csrf.py", line 65, in _view_wrapper
    return view_func(request, *args, **kwargs)
           ^^^^^^^^^^^^^^^^^^^^^^^^^^^^^^^^^^^
  File "C:\Users\lcpir\AppData\Local\pypoetry\Cache\virtualenvs\eleveia-api-169xUqfy-py3.11\Lib\site-packages\rest_framework\viewsets.py", line 125, in view
    return self.dispatch(request, *args, **kwargs)
           ^^^^^^^^^^^^^^^^^^^^^^^^^^^^^^^^^^^^^^^
  File "C:\Users\lcpir\AppData\Local\pypoetry\Cache\virtualenvs\eleveia-api-169xUqfy-py3.11\Lib\site-packages\rest_framework\views.py", line 515, in dispatch
    response = self.handle_exception(exc)
               ^^^^^^^^^^^^^^^^^^^^^^^^^^
  File "C:\Users\lcpir\AppData\Local\pypoetry\Cache\virtualenvs\eleveia-api-169xUqfy-py3.11\Lib\site-packages\rest_framework\views.py", line 475, in handle_exception
    self.raise_uncaught_exception(exc)
  File "C:\Users\lcpir\AppData\Local\pypoetry\Cache\virtualenvs\eleveia-api-169xUqfy-py3.11\Lib\site-packages\rest_framework\views.py", line 486, in raise_uncaught_exception
    raise exc
  File "C:\Users\lcpir\AppData\Local\pypoetry\Cache\virtualenvs\eleveia-api-169xUqfy-py3.11\Lib\site-packages\rest_framework\views.py", line 512, in dispatch
    response = handler(request, *args, **kwargs)
               ^^^^^^^^^^^^^^^^^^^^^^^^^^^^^^^^^
  File "C:\Users\lcpir\AppData\Local\pypoetry\Cache\virtualenvs\eleveia-api-169xUqfy-py3.11\Lib\site-packages\rest_framework\mixins.py", line 40, in list
    page = self.paginate_queryset(queryset)
           ^^^^^^^^^^^^^^^^^^^^^^^^^^^^^^^^
  File "C:\Users\lcpir\AppData\Local\pypoetry\Cache\virtualenvs\eleveia-api-169xUqfy-py3.11\Lib\site-packages\rest_framework\generics.py", line 175, in paginate_queryset
    return self.paginator.paginate_queryset(queryset, self.request, view=self)
           ^^^^^^^^^^^^^^^^^^^^^^^^^^^^^^^^^^^^^^^^^^^^^^^^^^^^^^^^^^^^^^^^^^^
  File "C:\Users\lcpir\AppData\Local\pypoetry\Cache\virtualenvs\eleveia-api-169xUqfy-py3.11\Lib\site-packages\rest_framework\pagination.py", line 211, in paginate_queryset
    self.page = paginator.page(page_number)
                ^^^^^^^^^^^^^^^^^^^^^^^^^^^
  File "C:\Users\lcpir\AppData\Local\pypoetry\Cache\virtualenvs\eleveia-api-169xUqfy-py3.11\Lib\site-packages\django\core\paginator.py", line 89, in page
    number = self.validate_number(number)
             ^^^^^^^^^^^^^^^^^^^^^^^^^^^^
  File "C:\Users\lcpir\AppData\Local\pypoetry\Cache\virtualenvs\eleveia-api-169xUqfy-py3.11\Lib\site-packages\django\core\paginator.py", line 70, in validate_number
    if number > self.num_pages:
                ^^^^^^^^^^^^^^
  File "C:\Users\lcpir\AppData\Local\pypoetry\Cache\virtualenvs\eleveia-api-169xUqfy-py3.11\Lib\site-packages\django\utils\functional.py", line 47, in __get__
    res = instance.__dict__[self.name] = self.func(instance)
                                         ^^^^^^^^^^^^^^^^^^^
  File "C:\Users\lcpir\AppData\Local\pypoetry\Cache\virtualenvs\eleveia-api-169xUqfy-py3.11\Lib\site-packages\django\core\paginator.py", line 116, in num_pages
    if self.count == 0 and not self.allow_empty_first_page:
       ^^^^^^^^^^
  File "C:\Users\lcpir\AppData\Local\pypoetry\Cache\virtualenvs\eleveia-api-169xUqfy-py3.11\Lib\site-packages\django\utils\functional.py", line 47, in __get__
    res = instance.__dict__[self.name] = self.func(instance)
                                         ^^^^^^^^^^^^^^^^^^^
  File "C:\Users\lcpir\AppData\Local\pypoetry\Cache\virtualenvs\eleveia-api-169xUqfy-py3.11\Lib\site-packages\django\core\paginator.py", line 110, in count
    return c()
           ^^^
  File "C:\Users\lcpir\AppData\Local\pypoetry\Cache\virtualenvs\eleveia-api-169xUqfy-py3.11\Lib\site-packages\django\db\models\query.py", line 604, in count
    return self.query.get_count(using=self.db)
           ^^^^^^^^^^^^^^^^^^^^^^^^^^^^^^^^^^^
  File "C:\Users\lcpir\AppData\Local\pypoetry\Cache\virtualenvs\eleveia-api-169xUqfy-py3.11\Lib\site-packages\django\db\models\sql\query.py", line 644, in get_count
    return obj.get_aggregation(using, {"__count": Count("*")})["__count"]
           ^^^^^^^^^^^^^^^^^^^^^^^^^^^^^^^^^^^^^^^^^^^^^^^^^^^
  File "C:\Users\lcpir\AppData\Local\pypoetry\Cache\virtualenvs\eleveia-api-169xUqfy-py3.11\Lib\site-packages\django\db\models\sql\query.py", line 626, in get_aggregation
    result = compiler.execute_sql(SINGLE)
             ^^^^^^^^^^^^^^^^^^^^^^^^^^^^
  File "C:\Users\lcpir\AppData\Local\pypoetry\Cache\virtualenvs\eleveia-api-169xUqfy-py3.11\Lib\site-packages\django\db\models\sql\compiler.py", line 1623, in execute_sql
    cursor.execute(sql, params)
  File "C:\Users\lcpir\AppData\Local\pypoetry\Cache\virtualenvs\eleveia-api-169xUqfy-py3.11\Lib\site-packages\django\db\backends\utils.py", line 122, in execute
    return super().execute(sql, params)
           ^^^^^^^^^^^^^^^^^^^^^^^^^^^^
  File "C:\Users\lcpir\AppData\Local\pypoetry\Cache\virtualenvs\eleveia-api-169xUqfy-py3.11\Lib\site-packages\django\db\backends\utils.py", line 79, in execute
    return self._execute_with_wrappers(
           ^^^^^^^^^^^^^^^^^^^^^^^^^^^^
  File "C:\Users\lcpir\AppData\Local\pypoetry\Cache\virtualenvs\eleveia-api-169xUqfy-py3.11\Lib\site-packages\django\db\backends\utils.py", line 92, in _execute_with_wrappers
    return executor(sql, params, many, context)
           ^^^^^^^^^^^^^^^^^^^^^^^^^^^^^^^^^^^^
  File "C:\Users\lcpir\AppData\Local\pypoetry\Cache\virtualenvs\eleveia-api-169xUqfy-py3.11\Lib\site-packages\django\db\backends\utils.py", line 100, in _execute
    with self.db.wrap_database_errors:
  File "C:\Users\lcpir\AppData\Local\pypoetry\Cache\virtualenvs\eleveia-api-169xUqfy-py3.11\Lib\site-packages\django\db\utils.py", line 91, in __exit__
    raise dj_exc_value.with_traceback(traceback) from exc_value
  File "C:\Users\lcpir\AppData\Local\pypoetry\Cache\virtualenvs\eleveia-api-169xUqfy-py3.11\Lib\site-packages\django\db\backends\utils.py", line 105, in _execute
    return self.cursor.execute(sql, params)
           ^^^^^^^^^^^^^^^^^^^^^^^^^^^^^^^^
django.db.utils.ProgrammingError: relation "schools_school" does not exist
LINE 1: SELECT COUNT(*) AS "__count" FROM "schools_school"
                                          ^

ERROR 2026-01-15 11:13:42,240 basehttp 4956 17268 "GET /api/v1/schools/ HTTP/1.1" 500 191768
ERROR 2026-01-15 11:17:02,248 log 9920 5452 Internal Server Error: /api/v1/schools/
Traceback (most recent call last):
  File "C:\Users\lcpir\AppData\Local\pypoetry\Cache\virtualenvs\eleveia-api-169xUqfy-py3.11\Lib\site-packages\django\db\backends\utils.py", line 105, in _execute
    return self.cursor.execute(sql, params)
           ^^^^^^^^^^^^^^^^^^^^^^^^^^^^^^^^
psycopg2.errors.UndefinedTable: relation "schools_school" does not exist
LINE 1: SELECT COUNT(*) AS "__count" FROM "schools_school"
                                          ^


The above exception was the direct cause of the following exception:

Traceback (most recent call last):
  File "C:\Users\lcpir\AppData\Local\pypoetry\Cache\virtualenvs\eleveia-api-169xUqfy-py3.11\Lib\site-packages\django\core\handlers\exception.py", line 55, in inner
    response = get_response(request)
               ^^^^^^^^^^^^^^^^^^^^^
  File "C:\Users\lcpir\AppData\Local\pypoetry\Cache\virtualenvs\eleveia-api-169xUqfy-py3.11\Lib\site-packages\django\core\handlers\base.py", line 197, in _get_response
    response = wrapped_callback(request, *callback_args, **callback_kwargs)
               ^^^^^^^^^^^^^^^^^^^^^^^^^^^^^^^^^^^^^^^^^^^^^^^^^^^^^^^^^^^^
  File "C:\Users\lcpir\AppData\Local\pypoetry\Cache\virtualenvs\eleveia-api-169xUqfy-py3.11\Lib\site-packages\django\views\decorators\csrf.py", line 65, in _view_wrapper
    return view_func(request, *args, **kwargs)
           ^^^^^^^^^^^^^^^^^^^^^^^^^^^^^^^^^^^
  File "C:\Users\lcpir\AppData\Local\pypoetry\Cache\virtualenvs\eleveia-api-169xUqfy-py3.11\Lib\site-packages\rest_framework\viewsets.py", line 125, in view
    return self.dispatch(request, *args, **kwargs)
           ^^^^^^^^^^^^^^^^^^^^^^^^^^^^^^^^^^^^^^^
  File "C:\Users\lcpir\AppData\Local\pypoetry\Cache\virtualenvs\eleveia-api-169xUqfy-py3.11\Lib\site-packages\rest_framework\views.py", line 515, in dispatch
    response = self.handle_exception(exc)
               ^^^^^^^^^^^^^^^^^^^^^^^^^^
  File "C:\Users\lcpir\AppData\Local\pypoetry\Cache\virtualenvs\eleveia-api-169xUqfy-py3.11\Lib\site-packages\rest_framework\views.py", line 475, in handle_exception
    self.raise_uncaught_exception(exc)
  File "C:\Users\lcpir\AppData\Local\pypoetry\Cache\virtualenvs\eleveia-api-169xUqfy-py3.11\Lib\site-packages\rest_framework\views.py", line 486, in raise_uncaught_exception
    raise exc
  File "C:\Users\lcpir\AppData\Local\pypoetry\Cache\virtualenvs\eleveia-api-169xUqfy-py3.11\Lib\site-packages\rest_framework\views.py", line 512, in dispatch
    response = handler(request, *args, **kwargs)
               ^^^^^^^^^^^^^^^^^^^^^^^^^^^^^^^^^
  File "C:\Users\lcpir\AppData\Local\pypoetry\Cache\virtualenvs\eleveia-api-169xUqfy-py3.11\Lib\site-packages\rest_framework\mixins.py", line 40, in list
    page = self.paginate_queryset(queryset)
           ^^^^^^^^^^^^^^^^^^^^^^^^^^^^^^^^
  File "C:\Users\lcpir\AppData\Local\pypoetry\Cache\virtualenvs\eleveia-api-169xUqfy-py3.11\Lib\site-packages\rest_framework\generics.py", line 175, in paginate_queryset
    return self.paginator.paginate_queryset(queryset, self.request, view=self)
           ^^^^^^^^^^^^^^^^^^^^^^^^^^^^^^^^^^^^^^^^^^^^^^^^^^^^^^^^^^^^^^^^^^^
  File "C:\Users\lcpir\AppData\Local\pypoetry\Cache\virtualenvs\eleveia-api-169xUqfy-py3.11\Lib\site-packages\rest_framework\pagination.py", line 211, in paginate_queryset
    self.page = paginator.page(page_number)
                ^^^^^^^^^^^^^^^^^^^^^^^^^^^
  File "C:\Users\lcpir\AppData\Local\pypoetry\Cache\virtualenvs\eleveia-api-169xUqfy-py3.11\Lib\site-packages\django\core\paginator.py", line 89, in page
    number = self.validate_number(number)
             ^^^^^^^^^^^^^^^^^^^^^^^^^^^^
  File "C:\Users\lcpir\AppData\Local\pypoetry\Cache\virtualenvs\eleveia-api-169xUqfy-py3.11\Lib\site-packages\django\core\paginator.py", line 70, in validate_number
    if number > self.num_pages:
                ^^^^^^^^^^^^^^
  File "C:\Users\lcpir\AppData\Local\pypoetry\Cache\virtualenvs\eleveia-api-169xUqfy-py3.11\Lib\site-packages\django\utils\functional.py", line 47, in __get__
    res = instance.__dict__[self.name] = self.func(instance)
                                         ^^^^^^^^^^^^^^^^^^^
  File "C:\Users\lcpir\AppData\Local\pypoetry\Cache\virtualenvs\eleveia-api-169xUqfy-py3.11\Lib\site-packages\django\core\paginator.py", line 116, in num_pages
    if self.count == 0 and not self.allow_empty_first_page:
       ^^^^^^^^^^
  File "C:\Users\lcpir\AppData\Local\pypoetry\Cache\virtualenvs\eleveia-api-169xUqfy-py3.11\Lib\site-packages\django\utils\functional.py", line 47, in __get__
    res = instance.__dict__[self.name] = self.func(instance)
                                         ^^^^^^^^^^^^^^^^^^^
  File "C:\Users\lcpir\AppData\Local\pypoetry\Cache\virtualenvs\eleveia-api-169xUqfy-py3.11\Lib\site-packages\django\core\paginator.py", line 110, in count
    return c()
           ^^^
  File "C:\Users\lcpir\AppData\Local\pypoetry\Cache\virtualenvs\eleveia-api-169xUqfy-py3.11\Lib\site-packages\django\db\models\query.py", line 604, in count
    return self.query.get_count(using=self.db)
           ^^^^^^^^^^^^^^^^^^^^^^^^^^^^^^^^^^^
  File "C:\Users\lcpir\AppData\Local\pypoetry\Cache\virtualenvs\eleveia-api-169xUqfy-py3.11\Lib\site-packages\django\db\models\sql\query.py", line 644, in get_count
    return obj.get_aggregation(using, {"__count": Count("*")})["__count"]
           ^^^^^^^^^^^^^^^^^^^^^^^^^^^^^^^^^^^^^^^^^^^^^^^^^^^
  File "C:\Users\lcpir\AppData\Local\pypoetry\Cache\virtualenvs\eleveia-api-169xUqfy-py3.11\Lib\site-packages\django\db\models\sql\query.py", line 626, in get_aggregation
    result = compiler.execute_sql(SINGLE)
             ^^^^^^^^^^^^^^^^^^^^^^^^^^^^
  File "C:\Users\lcpir\AppData\Local\pypoetry\Cache\virtualenvs\eleveia-api-169xUqfy-py3.11\Lib\site-packages\django\db\models\sql\compiler.py", line 1623, in execute_sql
    cursor.execute(sql, params)
  File "C:\Users\lcpir\AppData\Local\pypoetry\Cache\virtualenvs\eleveia-api-169xUqfy-py3.11\Lib\site-packages\django\db\backends\utils.py", line 122, in execute
    return super().execute(sql, params)
           ^^^^^^^^^^^^^^^^^^^^^^^^^^^^
  File "C:\Users\lcpir\AppData\Local\pypoetry\Cache\virtualenvs\eleveia-api-169xUqfy-py3.11\Lib\site-packages\django\db\backends\utils.py", line 79, in execute
    return self._execute_with_wrappers(
           ^^^^^^^^^^^^^^^^^^^^^^^^^^^^
  File "C:\Users\lcpir\AppData\Local\pypoetry\Cache\virtualenvs\eleveia-api-169xUqfy-py3.11\Lib\site-packages\django\db\backends\utils.py", line 92, in _execute_with_wrappers
    return executor(sql, params, many, context)
           ^^^^^^^^^^^^^^^^^^^^^^^^^^^^^^^^^^^^
  File "C:\Users\lcpir\AppData\Local\pypoetry\Cache\virtualenvs\eleveia-api-169xUqfy-py3.11\Lib\site-packages\django\db\backends\utils.py", line 100, in _execute
    with self.db.wrap_database_errors:
  File "C:\Users\lcpir\AppData\Local\pypoetry\Cache\virtualenvs\eleveia-api-169xUqfy-py3.11\Lib\site-packages\django\db\utils.py", line 91, in __exit__
    raise dj_exc_value.with_traceback(traceback) from exc_value
  File "C:\Users\lcpir\AppData\Local\pypoetry\Cache\virtualenvs\eleveia-api-169xUqfy-py3.11\Lib\site-packages\django\db\backends\utils.py", line 105, in _execute
    return self.cursor.execute(sql, params)
           ^^^^^^^^^^^^^^^^^^^^^^^^^^^^^^^^
django.db.utils.ProgrammingError: relation "schools_school" does not exist
LINE 1: SELECT COUNT(*) AS "__count" FROM "schools_school"
                                          ^

ERROR 2026-01-15 11:17:02,259 basehttp 9920 5452 "GET /api/v1/schools/ HTTP/1.1" 500 191794
ERROR 2026-01-15 11:17:06,490 log 9920 5452 Internal Server Error: /api/v1/schools/
Traceback (most recent call last):
  File "C:\Users\lcpir\AppData\Local\pypoetry\Cache\virtualenvs\eleveia-api-169xUqfy-py3.11\Lib\site-packages\django\db\backends\utils.py", line 105, in _execute
    return self.cursor.execute(sql, params)
           ^^^^^^^^^^^^^^^^^^^^^^^^^^^^^^^^
psycopg2.errors.UndefinedTable: relation "schools_school" does not exist
LINE 1: SELECT COUNT(*) AS "__count" FROM "schools_school"
                                          ^


The above exception was the direct cause of the following exception:

Traceback (most recent call last):
  File "C:\Users\lcpir\AppData\Local\pypoetry\Cache\virtualenvs\eleveia-api-169xUqfy-py3.11\Lib\site-packages\django\core\handlers\exception.py", line 55, in inner
    response = get_response(request)
               ^^^^^^^^^^^^^^^^^^^^^
  File "C:\Users\lcpir\AppData\Local\pypoetry\Cache\virtualenvs\eleveia-api-169xUqfy-py3.11\Lib\site-packages\django\core\handlers\base.py", line 197, in _get_response
    response = wrapped_callback(request, *callback_args, **callback_kwargs)
               ^^^^^^^^^^^^^^^^^^^^^^^^^^^^^^^^^^^^^^^^^^^^^^^^^^^^^^^^^^^^
  File "C:\Users\lcpir\AppData\Local\pypoetry\Cache\virtualenvs\eleveia-api-169xUqfy-py3.11\Lib\site-packages\django\views\decorators\csrf.py", line 65, in _view_wrapper
    return view_func(request, *args, **kwargs)
           ^^^^^^^^^^^^^^^^^^^^^^^^^^^^^^^^^^^
  File "C:\Users\lcpir\AppData\Local\pypoetry\Cache\virtualenvs\eleveia-api-169xUqfy-py3.11\Lib\site-packages\rest_framework\viewsets.py", line 125, in view
    return self.dispatch(request, *args, **kwargs)
           ^^^^^^^^^^^^^^^^^^^^^^^^^^^^^^^^^^^^^^^
  File "C:\Users\lcpir\AppData\Local\pypoetry\Cache\virtualenvs\eleveia-api-169xUqfy-py3.11\Lib\site-packages\rest_framework\views.py", line 515, in dispatch
    response = self.handle_exception(exc)
               ^^^^^^^^^^^^^^^^^^^^^^^^^^
  File "C:\Users\lcpir\AppData\Local\pypoetry\Cache\virtualenvs\eleveia-api-169xUqfy-py3.11\Lib\site-packages\rest_framework\views.py", line 475, in handle_exception
    self.raise_uncaught_exception(exc)
  File "C:\Users\lcpir\AppData\Local\pypoetry\Cache\virtualenvs\eleveia-api-169xUqfy-py3.11\Lib\site-packages\rest_framework\views.py", line 486, in raise_uncaught_exception
    raise exc
  File "C:\Users\lcpir\AppData\Local\pypoetry\Cache\virtualenvs\eleveia-api-169xUqfy-py3.11\Lib\site-packages\rest_framework\views.py", line 512, in dispatch
    response = handler(request, *args, **kwargs)
               ^^^^^^^^^^^^^^^^^^^^^^^^^^^^^^^^^
  File "C:\Users\lcpir\AppData\Local\pypoetry\Cache\virtualenvs\eleveia-api-169xUqfy-py3.11\Lib\site-packages\rest_framework\mixins.py", line 40, in list
    page = self.paginate_queryset(queryset)
           ^^^^^^^^^^^^^^^^^^^^^^^^^^^^^^^^
  File "C:\Users\lcpir\AppData\Local\pypoetry\Cache\virtualenvs\eleveia-api-169xUqfy-py3.11\Lib\site-packages\rest_framework\generics.py", line 175, in paginate_queryset
    return self.paginator.paginate_queryset(queryset, self.request, view=self)
           ^^^^^^^^^^^^^^^^^^^^^^^^^^^^^^^^^^^^^^^^^^^^^^^^^^^^^^^^^^^^^^^^^^^
  File "C:\Users\lcpir\AppData\Local\pypoetry\Cache\virtualenvs\eleveia-api-169xUqfy-py3.11\Lib\site-packages\rest_framework\pagination.py", line 211, in paginate_queryset
    self.page = paginator.page(page_number)
                ^^^^^^^^^^^^^^^^^^^^^^^^^^^
  File "C:\Users\lcpir\AppData\Local\pypoetry\Cache\virtualenvs\eleveia-api-169xUqfy-py3.11\Lib\site-packages\django\core\paginator.py", line 89, in page
    number = self.validate_number(number)
             ^^^^^^^^^^^^^^^^^^^^^^^^^^^^
  File "C:\Users\lcpir\AppData\Local\pypoetry\Cache\virtualenvs\eleveia-api-169xUqfy-py3.11\Lib\site-packages\django\core\paginator.py", line 70, in validate_number
    if number > self.num_pages:
                ^^^^^^^^^^^^^^
  File "C:\Users\lcpir\AppData\Local\pypoetry\Cache\virtualenvs\eleveia-api-169xUqfy-py3.11\Lib\site-packages\django\utils\functional.py", line 47, in __get__
    res = instance.__dict__[self.name] = self.func(instance)
                                         ^^^^^^^^^^^^^^^^^^^
  File "C:\Users\lcpir\AppData\Local\pypoetry\Cache\virtualenvs\eleveia-api-169xUqfy-py3.11\Lib\site-packages\django\core\paginator.py", line 116, in num_pages
    if self.count == 0 and not self.allow_empty_first_page:
       ^^^^^^^^^^
  File "C:\Users\lcpir\AppData\Local\pypoetry\Cache\virtualenvs\eleveia-api-169xUqfy-py3.11\Lib\site-packages\django\utils\functional.py", line 47, in __get__
    res = instance.__dict__[self.name] = self.func(instance)
                                         ^^^^^^^^^^^^^^^^^^^
  File "C:\Users\lcpir\AppData\Local\pypoetry\Cache\virtualenvs\eleveia-api-169xUqfy-py3.11\Lib\site-packages\django\core\paginator.py", line 110, in count
    return c()
           ^^^
  File "C:\Users\lcpir\AppData\Local\pypoetry\Cache\virtualenvs\eleveia-api-169xUqfy-py3.11\Lib\site-packages\django\db\models\query.py", line 604, in count
    return self.query.get_count(using=self.db)
           ^^^^^^^^^^^^^^^^^^^^^^^^^^^^^^^^^^^
  File "C:\Users\lcpir\AppData\Local\pypoetry\Cache\virtualenvs\eleveia-api-169xUqfy-py3.11\Lib\site-packages\django\db\models\sql\query.py", line 644, in get_count
    return obj.get_aggregation(using, {"__count": Count("*")})["__count"]
           ^^^^^^^^^^^^^^^^^^^^^^^^^^^^^^^^^^^^^^^^^^^^^^^^^^^
  File "C:\Users\lcpir\AppData\Local\pypoetry\Cache\virtualenvs\eleveia-api-169xUqfy-py3.11\Lib\site-packages\django\db\models\sql\query.py", line 626, in get_aggregation
    result = compiler.execute_sql(SINGLE)
             ^^^^^^^^^^^^^^^^^^^^^^^^^^^^
  File "C:\Users\lcpir\AppData\Local\pypoetry\Cache\virtualenvs\eleveia-api-169xUqfy-py3.11\Lib\site-packages\django\db\models\sql\compiler.py", line 1623, in execute_sql
    cursor.execute(sql, params)
  File "C:\Users\lcpir\AppData\Local\pypoetry\Cache\virtualenvs\eleveia-api-169xUqfy-py3.11\Lib\site-packages\django\db\backends\utils.py", line 122, in execute
    return super().execute(sql, params)
           ^^^^^^^^^^^^^^^^^^^^^^^^^^^^
  File "C:\Users\lcpir\AppData\Local\pypoetry\Cache\virtualenvs\eleveia-api-169xUqfy-py3.11\Lib\site-packages\django\db\backends\utils.py", line 79, in execute
    return self._execute_with_wrappers(
           ^^^^^^^^^^^^^^^^^^^^^^^^^^^^
  File "C:\Users\lcpir\AppData\Local\pypoetry\Cache\virtualenvs\eleveia-api-169xUqfy-py3.11\Lib\site-packages\django\db\backends\utils.py", line 92, in _execute_with_wrappers
    return executor(sql, params, many, context)
           ^^^^^^^^^^^^^^^^^^^^^^^^^^^^^^^^^^^^
  File "C:\Users\lcpir\AppData\Local\pypoetry\Cache\virtualenvs\eleveia-api-169xUqfy-py3.11\Lib\site-packages\django\db\backends\utils.py", line 100, in _execute
    with self.db.wrap_database_errors:
  File "C:\Users\lcpir\AppData\Local\pypoetry\Cache\virtualenvs\eleveia-api-169xUqfy-py3.11\Lib\site-packages\django\db\utils.py", line 91, in __exit__
    raise dj_exc_value.with_traceback(traceback) from exc_value
  File "C:\Users\lcpir\AppData\Local\pypoetry\Cache\virtualenvs\eleveia-api-169xUqfy-py3.11\Lib\site-packages\django\db\backends\utils.py", line 105, in _execute
    return self.cursor.execute(sql, params)
           ^^^^^^^^^^^^^^^^^^^^^^^^^^^^^^^^
django.db.utils.ProgrammingError: relation "schools_school" does not exist
LINE 1: SELECT COUNT(*) AS "__count" FROM "schools_school"
                                          ^

ERROR 2026-01-15 11:17:06,494 basehttp 9920 5452 "GET /api/v1/schools/ HTTP/1.1" 500 191794
ERROR 2026-01-15 11:17:17,724 log 9920 5452 Internal Server Error: /api/v1/schools/
Traceback (most recent call last):
  File "C:\Users\lcpir\AppData\Local\pypoetry\Cache\virtualenvs\eleveia-api-169xUqfy-py3.11\Lib\site-packages\django\db\backends\utils.py", line 105, in _execute
    return self.cursor.execute(sql, params)
           ^^^^^^^^^^^^^^^^^^^^^^^^^^^^^^^^
psycopg2.errors.UndefinedTable: relation "schools_school" does not exist
LINE 1: SELECT COUNT(*) AS "__count" FROM "schools_school"
                                          ^


The above exception was the direct cause of the following exception:

Traceback (most recent call last):
  File "C:\Users\lcpir\AppData\Local\pypoetry\Cache\virtualenvs\eleveia-api-169xUqfy-py3.11\Lib\site-packages\django\core\handlers\exception.py", line 55, in inner
    response = get_response(request)
               ^^^^^^^^^^^^^^^^^^^^^
  File "C:\Users\lcpir\AppData\Local\pypoetry\Cache\virtualenvs\eleveia-api-169xUqfy-py3.11\Lib\site-packages\django\core\handlers\base.py", line 197, in _get_response
    response = wrapped_callback(request, *callback_args, **callback_kwargs)
               ^^^^^^^^^^^^^^^^^^^^^^^^^^^^^^^^^^^^^^^^^^^^^^^^^^^^^^^^^^^^
  File "C:\Users\lcpir\AppData\Local\pypoetry\Cache\virtualenvs\eleveia-api-169xUqfy-py3.11\Lib\site-packages\django\views\decorators\csrf.py", line 65, in _view_wrapper
    return view_func(request, *args, **kwargs)
           ^^^^^^^^^^^^^^^^^^^^^^^^^^^^^^^^^^^
  File "C:\Users\lcpir\AppData\Local\pypoetry\Cache\virtualenvs\eleveia-api-169xUqfy-py3.11\Lib\site-packages\rest_framework\viewsets.py", line 125, in view
    return self.dispatch(request, *args, **kwargs)
           ^^^^^^^^^^^^^^^^^^^^^^^^^^^^^^^^^^^^^^^
  File "C:\Users\lcpir\AppData\Local\pypoetry\Cache\virtualenvs\eleveia-api-169xUqfy-py3.11\Lib\site-packages\rest_framework\views.py", line 515, in dispatch
    response = self.handle_exception(exc)
               ^^^^^^^^^^^^^^^^^^^^^^^^^^
  File "C:\Users\lcpir\AppData\Local\pypoetry\Cache\virtualenvs\eleveia-api-169xUqfy-py3.11\Lib\site-packages\rest_framework\views.py", line 475, in handle_exception
    self.raise_uncaught_exception(exc)
  File "C:\Users\lcpir\AppData\Local\pypoetry\Cache\virtualenvs\eleveia-api-169xUqfy-py3.11\Lib\site-packages\rest_framework\views.py", line 486, in raise_uncaught_exception
    raise exc
  File "C:\Users\lcpir\AppData\Local\pypoetry\Cache\virtualenvs\eleveia-api-169xUqfy-py3.11\Lib\site-packages\rest_framework\views.py", line 512, in dispatch
    response = handler(request, *args, **kwargs)
               ^^^^^^^^^^^^^^^^^^^^^^^^^^^^^^^^^
  File "C:\Users\lcpir\AppData\Local\pypoetry\Cache\virtualenvs\eleveia-api-169xUqfy-py3.11\Lib\site-packages\rest_framework\mixins.py", line 40, in list
    page = self.paginate_queryset(queryset)
           ^^^^^^^^^^^^^^^^^^^^^^^^^^^^^^^^
  File "C:\Users\lcpir\AppData\Local\pypoetry\Cache\virtualenvs\eleveia-api-169xUqfy-py3.11\Lib\site-packages\rest_framework\generics.py", line 175, in paginate_queryset
    return self.paginator.paginate_queryset(queryset, self.request, view=self)
           ^^^^^^^^^^^^^^^^^^^^^^^^^^^^^^^^^^^^^^^^^^^^^^^^^^^^^^^^^^^^^^^^^^^
  File "C:\Users\lcpir\AppData\Local\pypoetry\Cache\virtualenvs\eleveia-api-169xUqfy-py3.11\Lib\site-packages\rest_framework\pagination.py", line 211, in paginate_queryset
    self.page = paginator.page(page_number)
                ^^^^^^^^^^^^^^^^^^^^^^^^^^^
  File "C:\Users\lcpir\AppData\Local\pypoetry\Cache\virtualenvs\eleveia-api-169xUqfy-py3.11\Lib\site-packages\django\core\paginator.py", line 89, in page
    number = self.validate_number(number)
             ^^^^^^^^^^^^^^^^^^^^^^^^^^^^
  File "C:\Users\lcpir\AppData\Local\pypoetry\Cache\virtualenvs\eleveia-api-169xUqfy-py3.11\Lib\site-packages\django\core\paginator.py", line 70, in validate_number
    if number > self.num_pages:
                ^^^^^^^^^^^^^^
  File "C:\Users\lcpir\AppData\Local\pypoetry\Cache\virtualenvs\eleveia-api-169xUqfy-py3.11\Lib\site-packages\django\utils\functional.py", line 47, in __get__
    res = instance.__dict__[self.name] = self.func(instance)
                                         ^^^^^^^^^^^^^^^^^^^
  File "C:\Users\lcpir\AppData\Local\pypoetry\Cache\virtualenvs\eleveia-api-169xUqfy-py3.11\Lib\site-packages\django\core\paginator.py", line 116, in num_pages
    if self.count == 0 and not self.allow_empty_first_page:
       ^^^^^^^^^^
  File "C:\Users\lcpir\AppData\Local\pypoetry\Cache\virtualenvs\eleveia-api-169xUqfy-py3.11\Lib\site-packages\django\utils\functional.py", line 47, in __get__
    res = instance.__dict__[self.name] = self.func(instance)
                                         ^^^^^^^^^^^^^^^^^^^
  File "C:\Users\lcpir\AppData\Local\pypoetry\Cache\virtualenvs\eleveia-api-169xUqfy-py3.11\Lib\site-packages\django\core\paginator.py", line 110, in count
    return c()
           ^^^
  File "C:\Users\lcpir\AppData\Local\pypoetry\Cache\virtualenvs\eleveia-api-169xUqfy-py3.11\Lib\site-packages\django\db\models\query.py", line 604, in count
    return self.query.get_count(using=self.db)
           ^^^^^^^^^^^^^^^^^^^^^^^^^^^^^^^^^^^
  File "C:\Users\lcpir\AppData\Local\pypoetry\Cache\virtualenvs\eleveia-api-169xUqfy-py3.11\Lib\site-packages\django\db\models\sql\query.py", line 644, in get_count
    return obj.get_aggregation(using, {"__count": Count("*")})["__count"]
           ^^^^^^^^^^^^^^^^^^^^^^^^^^^^^^^^^^^^^^^^^^^^^^^^^^^
  File "C:\Users\lcpir\AppData\Local\pypoetry\Cache\virtualenvs\eleveia-api-169xUqfy-py3.11\Lib\site-packages\django\db\models\sql\query.py", line 626, in get_aggregation
    result = compiler.execute_sql(SINGLE)
             ^^^^^^^^^^^^^^^^^^^^^^^^^^^^
  File "C:\Users\lcpir\AppData\Local\pypoetry\Cache\virtualenvs\eleveia-api-169xUqfy-py3.11\Lib\site-packages\django\db\models\sql\compiler.py", line 1623, in execute_sql
    cursor.execute(sql, params)
  File "C:\Users\lcpir\AppData\Local\pypoetry\Cache\virtualenvs\eleveia-api-169xUqfy-py3.11\Lib\site-packages\django\db\backends\utils.py", line 122, in execute
    return super().execute(sql, params)
           ^^^^^^^^^^^^^^^^^^^^^^^^^^^^
  File "C:\Users\lcpir\AppData\Local\pypoetry\Cache\virtualenvs\eleveia-api-169xUqfy-py3.11\Lib\site-packages\django\db\backends\utils.py", line 79, in execute
    return self._execute_with_wrappers(
           ^^^^^^^^^^^^^^^^^^^^^^^^^^^^
  File "C:\Users\lcpir\AppData\Local\pypoetry\Cache\virtualenvs\eleveia-api-169xUqfy-py3.11\Lib\site-packages\django\db\backends\utils.py", line 92, in _execute_with_wrappers
    return executor(sql, params, many, context)
           ^^^^^^^^^^^^^^^^^^^^^^^^^^^^^^^^^^^^
  File "C:\Users\lcpir\AppData\Local\pypoetry\Cache\virtualenvs\eleveia-api-169xUqfy-py3.11\Lib\site-packages\django\db\backends\utils.py", line 100, in _execute
    with self.db.wrap_database_errors:
  File "C:\Users\lcpir\AppData\Local\pypoetry\Cache\virtualenvs\eleveia-api-169xUqfy-py3.11\Lib\site-packages\django\db\utils.py", line 91, in __exit__
    raise dj_exc_value.with_traceback(traceback) from exc_value
  File "C:\Users\lcpir\AppData\Local\pypoetry\Cache\virtualenvs\eleveia-api-169xUqfy-py3.11\Lib\site-packages\django\db\backends\utils.py", line 105, in _execute
    return self.cursor.execute(sql, params)
           ^^^^^^^^^^^^^^^^^^^^^^^^^^^^^^^^
django.db.utils.ProgrammingError: relation "schools_school" does not exist
LINE 1: SELECT COUNT(*) AS "__count" FROM "schools_school"
                                          ^

ERROR 2026-01-15 11:17:17,729 basehttp 9920 5452 "GET /api/v1/schools/ HTTP/1.1" 500 191794
ERROR 2026-01-15 13:21:10,200 log 5128 15304 Internal Server Error: /api/v1/schools/
Traceback (most recent call last):
  File "C:\Users\lcpir\AppData\Local\pypoetry\Cache\virtualenvs\eleveia-api-169xUqfy-py3.11\Lib\site-packages\django\db\backends\utils.py", line 105, in _execute
    return self.cursor.execute(sql, params)
           ^^^^^^^^^^^^^^^^^^^^^^^^^^^^^^^^
psycopg2.errors.UndefinedTable: relation "schools_school" does not exist
LINE 1: SELECT COUNT(*) AS "__count" FROM "schools_school"
                                          ^


The above exception was the direct cause of the following exception:

Traceback (most recent call last):
  File "C:\Users\lcpir\AppData\Local\pypoetry\Cache\virtualenvs\eleveia-api-169xUqfy-py3.11\Lib\site-packages\django\core\handlers\exception.py", line 55, in inner
    response = get_response(request)
               ^^^^^^^^^^^^^^^^^^^^^
  File "C:\Users\lcpir\AppData\Local\pypoetry\Cache\virtualenvs\eleveia-api-169xUqfy-py3.11\Lib\site-packages\django\core\handlers\base.py", line 197, in _get_response
    response = wrapped_callback(request, *callback_args, **callback_kwargs)
               ^^^^^^^^^^^^^^^^^^^^^^^^^^^^^^^^^^^^^^^^^^^^^^^^^^^^^^^^^^^^
  File "C:\Users\lcpir\AppData\Local\pypoetry\Cache\virtualenvs\eleveia-api-169xUqfy-py3.11\Lib\site-packages\django\views\decorators\csrf.py", line 65, in _view_wrapper
    return view_func(request, *args, **kwargs)
           ^^^^^^^^^^^^^^^^^^^^^^^^^^^^^^^^^^^
  File "C:\Users\lcpir\AppData\Local\pypoetry\Cache\virtualenvs\eleveia-api-169xUqfy-py3.11\Lib\site-packages\rest_framework\viewsets.py", line 125, in view
    return self.dispatch(request, *args, **kwargs)
           ^^^^^^^^^^^^^^^^^^^^^^^^^^^^^^^^^^^^^^^
  File "C:\Users\lcpir\AppData\Local\pypoetry\Cache\virtualenvs\eleveia-api-169xUqfy-py3.11\Lib\site-packages\rest_framework\views.py", line 515, in dispatch
    response = self.handle_exception(exc)
               ^^^^^^^^^^^^^^^^^^^^^^^^^^
  File "C:\Users\lcpir\AppData\Local\pypoetry\Cache\virtualenvs\eleveia-api-169xUqfy-py3.11\Lib\site-packages\rest_framework\views.py", line 475, in handle_exception
    self.raise_uncaught_exception(exc)
  File "C:\Users\lcpir\AppData\Local\pypoetry\Cache\virtualenvs\eleveia-api-169xUqfy-py3.11\Lib\site-packages\rest_framework\views.py", line 486, in raise_uncaught_exception
    raise exc
  File "C:\Users\lcpir\AppData\Local\pypoetry\Cache\virtualenvs\eleveia-api-169xUqfy-py3.11\Lib\site-packages\rest_framework\views.py", line 512, in dispatch
    response = handler(request, *args, **kwargs)
               ^^^^^^^^^^^^^^^^^^^^^^^^^^^^^^^^^
  File "C:\Users\lcpir\AppData\Local\pypoetry\Cache\virtualenvs\eleveia-api-169xUqfy-py3.11\Lib\site-packages\rest_framework\mixins.py", line 40, in list
    page = self.paginate_queryset(queryset)
           ^^^^^^^^^^^^^^^^^^^^^^^^^^^^^^^^
  File "C:\Users\lcpir\AppData\Local\pypoetry\Cache\virtualenvs\eleveia-api-169xUqfy-py3.11\Lib\site-packages\rest_framework\generics.py", line 175, in paginate_queryset
    return self.paginator.paginate_queryset(queryset, self.request, view=self)
           ^^^^^^^^^^^^^^^^^^^^^^^^^^^^^^^^^^^^^^^^^^^^^^^^^^^^^^^^^^^^^^^^^^^
  File "C:\Users\lcpir\AppData\Local\pypoetry\Cache\virtualenvs\eleveia-api-169xUqfy-py3.11\Lib\site-packages\rest_framework\pagination.py", line 211, in paginate_queryset
    self.page = paginator.page(page_number)
                ^^^^^^^^^^^^^^^^^^^^^^^^^^^
  File "C:\Users\lcpir\AppData\Local\pypoetry\Cache\virtualenvs\eleveia-api-169xUqfy-py3.11\Lib\site-packages\django\core\paginator.py", line 89, in page
    number = self.validate_number(number)
             ^^^^^^^^^^^^^^^^^^^^^^^^^^^^
  File "C:\Users\lcpir\AppData\Local\pypoetry\Cache\virtualenvs\eleveia-api-169xUqfy-py3.11\Lib\site-packages\django\core\paginator.py", line 70, in validate_number
    if number > self.num_pages:
                ^^^^^^^^^^^^^^
  File "C:\Users\lcpir\AppData\Local\pypoetry\Cache\virtualenvs\eleveia-api-169xUqfy-py3.11\Lib\site-packages\django\utils\functional.py", line 47, in __get__
    res = instance.__dict__[self.name] = self.func(instance)
                                         ^^^^^^^^^^^^^^^^^^^
  File "C:\Users\lcpir\AppData\Local\pypoetry\Cache\virtualenvs\eleveia-api-169xUqfy-py3.11\Lib\site-packages\django\core\paginator.py", line 116, in num_pages
    if self.count == 0 and not self.allow_empty_first_page:
       ^^^^^^^^^^
  File "C:\Users\lcpir\AppData\Local\pypoetry\Cache\virtualenvs\eleveia-api-169xUqfy-py3.11\Lib\site-packages\django\utils\functional.py", line 47, in __get__
    res = instance.__dict__[self.name] = self.func(instance)
                                         ^^^^^^^^^^^^^^^^^^^
  File "C:\Users\lcpir\AppData\Local\pypoetry\Cache\virtualenvs\eleveia-api-169xUqfy-py3.11\Lib\site-packages\django\core\paginator.py", line 110, in count
    return c()
           ^^^
  File "C:\Users\lcpir\AppData\Local\pypoetry\Cache\virtualenvs\eleveia-api-169xUqfy-py3.11\Lib\site-packages\django\db\models\query.py", line 604, in count
    return self.query.get_count(using=self.db)
           ^^^^^^^^^^^^^^^^^^^^^^^^^^^^^^^^^^^
  File "C:\Users\lcpir\AppData\Local\pypoetry\Cache\virtualenvs\eleveia-api-169xUqfy-py3.11\Lib\site-packages\django\db\models\sql\query.py", line 644, in get_count
    return obj.get_aggregation(using, {"__count": Count("*")})["__count"]
           ^^^^^^^^^^^^^^^^^^^^^^^^^^^^^^^^^^^^^^^^^^^^^^^^^^^
  File "C:\Users\lcpir\AppData\Local\pypoetry\Cache\virtualenvs\eleveia-api-169xUqfy-py3.11\Lib\site-packages\django\db\models\sql\query.py", line 626, in get_aggregation
    result = compiler.execute_sql(SINGLE)
             ^^^^^^^^^^^^^^^^^^^^^^^^^^^^
  File "C:\Users\lcpir\AppData\Local\pypoetry\Cache\virtualenvs\eleveia-api-169xUqfy-py3.11\Lib\site-packages\django\db\models\sql\compiler.py", line 1623, in execute_sql
    cursor.execute(sql, params)
  File "C:\Users\lcpir\AppData\Local\pypoetry\Cache\virtualenvs\eleveia-api-169xUqfy-py3.11\Lib\site-packages\django\db\backends\utils.py", line 122, in execute
    return super().execute(sql, params)
           ^^^^^^^^^^^^^^^^^^^^^^^^^^^^
  File "C:\Users\lcpir\AppData\Local\pypoetry\Cache\virtualenvs\eleveia-api-169xUqfy-py3.11\Lib\site-packages\django\db\backends\utils.py", line 79, in execute
    return self._execute_with_wrappers(
           ^^^^^^^^^^^^^^^^^^^^^^^^^^^^
  File "C:\Users\lcpir\AppData\Local\pypoetry\Cache\virtualenvs\eleveia-api-169xUqfy-py3.11\Lib\site-packages\django\db\backends\utils.py", line 92, in _execute_with_wrappers
    return executor(sql, params, many, context)
           ^^^^^^^^^^^^^^^^^^^^^^^^^^^^^^^^^^^^
  File "C:\Users\lcpir\AppData\Local\pypoetry\Cache\virtualenvs\eleveia-api-169xUqfy-py3.11\Lib\site-packages\django\db\backends\utils.py", line 100, in _execute
    with self.db.wrap_database_errors:
  File "C:\Users\lcpir\AppData\Local\pypoetry\Cache\virtualenvs\eleveia-api-169xUqfy-py3.11\Lib\site-packages\django\db\utils.py", line 91, in __exit__
    raise dj_exc_value.with_traceback(traceback) from exc_value
  File "C:\Users\lcpir\AppData\Local\pypoetry\Cache\virtualenvs\eleveia-api-169xUqfy-py3.11\Lib\site-packages\django\db\backends\utils.py", line 105, in _execute
    return self.cursor.execute(sql, params)
           ^^^^^^^^^^^^^^^^^^^^^^^^^^^^^^^^
django.db.utils.ProgrammingError: relation "schools_school" does not exist
LINE 1: SELECT COUNT(*) AS "__count" FROM "schools_school"
                                          ^

ERROR 2026-01-15 13:21:10,214 basehttp 5128 15304 "GET /api/v1/schools/ HTTP/1.1" 500 191712
ERROR 2026-01-15 14:28:09,129 log 18648 15244 Internal Server Error: /api/v1/schools/
Traceback (most recent call last):
  File "C:\Users\lcpir\AppData\Local\pypoetry\Cache\virtualenvs\eleveia-api-169xUqfy-py3.11\Lib\site-packages\django\db\models\fields\related_descriptors.py", line 516, in __get__
    rel_obj = self.related.get_cached_value(instance)
              ^^^^^^^^^^^^^^^^^^^^^^^^^^^^^^^^^^^^^^^
  File "C:\Users\lcpir\AppData\Local\pypoetry\Cache\virtualenvs\eleveia-api-169xUqfy-py3.11\Lib\site-packages\django\db\models\fields\mixins.py", line 37, in get_cached_value
    return instance._state.fields_cache[self.cache_name]
           ~~~~~~~~~~~~~~~~~~~~~~~~~~~~^^^^^^^^^^^^^^^^^
KeyError: 'profile'

During handling of the above exception, another exception occurred:

Traceback (most recent call last):
  File "C:\Users\lcpir\AppData\Local\pypoetry\Cache\virtualenvs\eleveia-api-169xUqfy-py3.11\Lib\site-packages\django\db\backends\utils.py", line 105, in _execute
    return self.cursor.execute(sql, params)
           ^^^^^^^^^^^^^^^^^^^^^^^^^^^^^^^^
psycopg2.errors.UndefinedColumn: column users_userprofile.phone does not exist
LINE 1: ...profile"."role", "users_userprofile"."is_active", "users_use...
                                                             ^


The above exception was the direct cause of the following exception:

Traceback (most recent call last):
  File "C:\Users\lcpir\AppData\Local\pypoetry\Cache\virtualenvs\eleveia-api-169xUqfy-py3.11\Lib\site-packages\django\core\handlers\exception.py", line 55, in inner
    response = get_response(request)
               ^^^^^^^^^^^^^^^^^^^^^
  File "C:\Users\lcpir\AppData\Local\pypoetry\Cache\virtualenvs\eleveia-api-169xUqfy-py3.11\Lib\site-packages\django\core\handlers\base.py", line 197, in _get_response
    response = wrapped_callback(request, *callback_args, **callback_kwargs)
               ^^^^^^^^^^^^^^^^^^^^^^^^^^^^^^^^^^^^^^^^^^^^^^^^^^^^^^^^^^^^
  File "C:\Users\lcpir\AppData\Local\pypoetry\Cache\virtualenvs\eleveia-api-169xUqfy-py3.11\Lib\site-packages\django\views\decorators\csrf.py", line 65, in _view_wrapper
    return view_func(request, *args, **kwargs)
           ^^^^^^^^^^^^^^^^^^^^^^^^^^^^^^^^^^^
  File "C:\Users\lcpir\AppData\Local\pypoetry\Cache\virtualenvs\eleveia-api-169xUqfy-py3.11\Lib\site-packages\rest_framework\viewsets.py", line 125, in view
    return self.dispatch(request, *args, **kwargs)
           ^^^^^^^^^^^^^^^^^^^^^^^^^^^^^^^^^^^^^^^
  File "C:\Users\lcpir\AppData\Local\pypoetry\Cache\virtualenvs\eleveia-api-169xUqfy-py3.11\Lib\site-packages\rest_framework\views.py", line 515, in dispatch
    response = self.handle_exception(exc)
               ^^^^^^^^^^^^^^^^^^^^^^^^^^
  File "C:\Users\lcpir\AppData\Local\pypoetry\Cache\virtualenvs\eleveia-api-169xUqfy-py3.11\Lib\site-packages\rest_framework\views.py", line 475, in handle_exception
    self.raise_uncaught_exception(exc)
  File "C:\Users\lcpir\AppData\Local\pypoetry\Cache\virtualenvs\eleveia-api-169xUqfy-py3.11\Lib\site-packages\rest_framework\views.py", line 486, in raise_uncaught_exception
    raise exc
  File "C:\Users\lcpir\AppData\Local\pypoetry\Cache\virtualenvs\eleveia-api-169xUqfy-py3.11\Lib\site-packages\rest_framework\views.py", line 512, in dispatch
    response = handler(request, *args, **kwargs)
               ^^^^^^^^^^^^^^^^^^^^^^^^^^^^^^^^^
  File "C:\Users\lcpir\AppData\Local\pypoetry\Cache\virtualenvs\eleveia-api-169xUqfy-py3.11\Lib\site-packages\rest_framework\mixins.py", line 42, in list
    serializer = self.get_serializer(page, many=True)
                 ^^^^^^^^^^^^^^^^^^^^^^^^^^^^^^^^^^^^
  File "C:\Users\lcpir\AppData\Local\pypoetry\Cache\virtualenvs\eleveia-api-169xUqfy-py3.11\Lib\site-packages\rest_framework\generics.py", line 112, in get_serializer
    serializer_class = self.get_serializer_class()
                       ^^^^^^^^^^^^^^^^^^^^^^^^^^^
  File "C:\Users\lcpir\OneDrive\Documentos\projetos\eleveia-api\apps\schools\views.py", line 40, in get_serializer_class
    if hasattr(self.request.user, 'profile'):
       ^^^^^^^^^^^^^^^^^^^^^^^^^^^^^^^^^^^^^
  File "C:\Users\lcpir\AppData\Local\pypoetry\Cache\virtualenvs\eleveia-api-169xUqfy-py3.11\Lib\site-packages\django\utils\functional.py", line 253, in inner
    return func(_wrapped, *args)
           ^^^^^^^^^^^^^^^^^^^^^
  File "C:\Users\lcpir\AppData\Local\pypoetry\Cache\virtualenvs\eleveia-api-169xUqfy-py3.11\Lib\site-packages\django\db\models\fields\related_descriptors.py", line 523, in __get__
    rel_obj = self.get_queryset(instance=instance).get(**filter_args)
              ^^^^^^^^^^^^^^^^^^^^^^^^^^^^^^^^^^^^^^^^^^^^^^^^^^^^^^^
  File "C:\Users\lcpir\AppData\Local\pypoetry\Cache\virtualenvs\eleveia-api-169xUqfy-py3.11\Lib\site-packages\django\db\models\query.py", line 629, in get
    num = len(clone)
          ^^^^^^^^^^
  File "C:\Users\lcpir\AppData\Local\pypoetry\Cache\virtualenvs\eleveia-api-169xUqfy-py3.11\Lib\site-packages\django\db\models\query.py", line 366, in __len__
    self._fetch_all()
  File "C:\Users\lcpir\AppData\Local\pypoetry\Cache\virtualenvs\eleveia-api-169xUqfy-py3.11\Lib\site-packages\django\db\models\query.py", line 1949, in _fetch_all
    self._result_cache = list(self._iterable_class(self))
                         ^^^^^^^^^^^^^^^^^^^^^^^^^^^^^^^^
  File "C:\Users\lcpir\AppData\Local\pypoetry\Cache\virtualenvs\eleveia-api-169xUqfy-py3.11\Lib\site-packages\django\db\models\query.py", line 91, in __iter__
    results = compiler.execute_sql(
              ^^^^^^^^^^^^^^^^^^^^^
  File "C:\Users\lcpir\AppData\Local\pypoetry\Cache\virtualenvs\eleveia-api-169xUqfy-py3.11\Lib\site-packages\django\db\models\sql\compiler.py", line 1623, in execute_sql
    cursor.execute(sql, params)
  File "C:\Users\lcpir\AppData\Local\pypoetry\Cache\virtualenvs\eleveia-api-169xUqfy-py3.11\Lib\site-packages\django\db\backends\utils.py", line 122, in execute
    return super().execute(sql, params)
           ^^^^^^^^^^^^^^^^^^^^^^^^^^^^
  File "C:\Users\lcpir\AppData\Local\pypoetry\Cache\virtualenvs\eleveia-api-169xUqfy-py3.11\Lib\site-packages\django\db\backends\utils.py", line 79, in execute
    return self._execute_with_wrappers(
           ^^^^^^^^^^^^^^^^^^^^^^^^^^^^
  File "C:\Users\lcpir\AppData\Local\pypoetry\Cache\virtualenvs\eleveia-api-169xUqfy-py3.11\Lib\site-packages\django\db\backends\utils.py", line 92, in _execute_with_wrappers
    return executor(sql, params, many, context)
           ^^^^^^^^^^^^^^^^^^^^^^^^^^^^^^^^^^^^
  File "C:\Users\lcpir\AppData\Local\pypoetry\Cache\virtualenvs\eleveia-api-169xUqfy-py3.11\Lib\site-packages\django\db\backends\utils.py", line 100, in _execute
    with self.db.wrap_database_errors:
  File "C:\Users\lcpir\AppData\Local\pypoetry\Cache\virtualenvs\eleveia-api-169xUqfy-py3.11\Lib\site-packages\django\db\utils.py", line 91, in __exit__
    raise dj_exc_value.with_traceback(traceback) from exc_value
  File "C:\Users\lcpir\AppData\Local\pypoetry\Cache\virtualenvs\eleveia-api-169xUqfy-py3.11\Lib\site-packages\django\db\backends\utils.py", line 105, in _execute
    return self.cursor.execute(sql, params)
           ^^^^^^^^^^^^^^^^^^^^^^^^^^^^^^^^
django.db.utils.ProgrammingError: column users_userprofile.phone does not exist
LINE 1: ...profile"."role", "users_userprofile"."is_active", "users_use...
                                                             ^

ERROR 2026-01-15 14:28:09,140 basehttp 18648 15244 "GET /api/v1/schools/ HTTP/1.1" 500 189510
ERROR 2026-01-15 14:37:47,418 log 18648 4708 Internal Server Error: /api/v1/schools/
Traceback (most recent call last):
  File "C:\Users\lcpir\AppData\Local\pypoetry\Cache\virtualenvs\eleveia-api-169xUqfy-py3.11\Lib\site-packages\django\db\models\fields\related_descriptors.py", line 516, in __get__
    rel_obj = self.related.get_cached_value(instance)
              ^^^^^^^^^^^^^^^^^^^^^^^^^^^^^^^^^^^^^^^
  File "C:\Users\lcpir\AppData\Local\pypoetry\Cache\virtualenvs\eleveia-api-169xUqfy-py3.11\Lib\site-packages\django\db\models\fields\mixins.py", line 37, in get_cached_value
    return instance._state.fields_cache[self.cache_name]
           ~~~~~~~~~~~~~~~~~~~~~~~~~~~~^^^^^^^^^^^^^^^^^
KeyError: 'profile'

During handling of the above exception, another exception occurred:

Traceback (most recent call last):
  File "C:\Users\lcpir\AppData\Local\pypoetry\Cache\virtualenvs\eleveia-api-169xUqfy-py3.11\Lib\site-packages\django\db\backends\utils.py", line 105, in _execute
    return self.cursor.execute(sql, params)
           ^^^^^^^^^^^^^^^^^^^^^^^^^^^^^^^^
psycopg2.errors.UndefinedColumn: column users_userprofile.phone does not exist
LINE 1: ...profile"."role", "users_userprofile"."is_active", "users_use...
                                                             ^


The above exception was the direct cause of the following exception:

Traceback (most recent call last):
  File "C:\Users\lcpir\AppData\Local\pypoetry\Cache\virtualenvs\eleveia-api-169xUqfy-py3.11\Lib\site-packages\django\core\handlers\exception.py", line 55, in inner
    response = get_response(request)
               ^^^^^^^^^^^^^^^^^^^^^
  File "C:\Users\lcpir\AppData\Local\pypoetry\Cache\virtualenvs\eleveia-api-169xUqfy-py3.11\Lib\site-packages\django\core\handlers\base.py", line 197, in _get_response
    response = wrapped_callback(request, *callback_args, **callback_kwargs)
               ^^^^^^^^^^^^^^^^^^^^^^^^^^^^^^^^^^^^^^^^^^^^^^^^^^^^^^^^^^^^
  File "C:\Users\lcpir\AppData\Local\pypoetry\Cache\virtualenvs\eleveia-api-169xUqfy-py3.11\Lib\site-packages\django\views\decorators\csrf.py", line 65, in _view_wrapper
    return view_func(request, *args, **kwargs)
           ^^^^^^^^^^^^^^^^^^^^^^^^^^^^^^^^^^^
  File "C:\Users\lcpir\AppData\Local\pypoetry\Cache\virtualenvs\eleveia-api-169xUqfy-py3.11\Lib\site-packages\rest_framework\viewsets.py", line 125, in view
    return self.dispatch(request, *args, **kwargs)
           ^^^^^^^^^^^^^^^^^^^^^^^^^^^^^^^^^^^^^^^
  File "C:\Users\lcpir\AppData\Local\pypoetry\Cache\virtualenvs\eleveia-api-169xUqfy-py3.11\Lib\site-packages\rest_framework\views.py", line 515, in dispatch
    response = self.handle_exception(exc)
               ^^^^^^^^^^^^^^^^^^^^^^^^^^
  File "C:\Users\lcpir\AppData\Local\pypoetry\Cache\virtualenvs\eleveia-api-169xUqfy-py3.11\Lib\site-packages\rest_framework\views.py", line 475, in handle_exception
    self.raise_uncaught_exception(exc)
  File "C:\Users\lcpir\AppData\Local\pypoetry\Cache\virtualenvs\eleveia-api-169xUqfy-py3.11\Lib\site-packages\rest_framework\views.py", line 486, in raise_uncaught_exception
    raise exc
  File "C:\Users\lcpir\AppData\Local\pypoetry\Cache\virtualenvs\eleveia-api-169xUqfy-py3.11\Lib\site-packages\rest_framework\views.py", line 512, in dispatch
    response = handler(request, *args, **kwargs)
               ^^^^^^^^^^^^^^^^^^^^^^^^^^^^^^^^^
  File "C:\Users\lcpir\AppData\Local\pypoetry\Cache\virtualenvs\eleveia-api-169xUqfy-py3.11\Lib\site-packages\rest_framework\mixins.py", line 42, in list
    serializer = self.get_serializer(page, many=True)
                 ^^^^^^^^^^^^^^^^^^^^^^^^^^^^^^^^^^^^
  File "C:\Users\lcpir\AppData\Local\pypoetry\Cache\virtualenvs\eleveia-api-169xUqfy-py3.11\Lib\site-packages\rest_framework\generics.py", line 112, in get_serializer
    serializer_class = self.get_serializer_class()
                       ^^^^^^^^^^^^^^^^^^^^^^^^^^^
  File "C:\Users\lcpir\OneDrive\Documentos\projetos\eleveia-api\apps\schools\views.py", line 40, in get_serializer_class
    if hasattr(self.request.user, 'profile'):
       ^^^^^^^^^^^^^^^^^^^^^^^^^^^^^^^^^^^^^
  File "C:\Users\lcpir\AppData\Local\pypoetry\Cache\virtualenvs\eleveia-api-169xUqfy-py3.11\Lib\site-packages\django\utils\functional.py", line 253, in inner
    return func(_wrapped, *args)
           ^^^^^^^^^^^^^^^^^^^^^
  File "C:\Users\lcpir\AppData\Local\pypoetry\Cache\virtualenvs\eleveia-api-169xUqfy-py3.11\Lib\site-packages\django\db\models\fields\related_descriptors.py", line 523, in __get__
    rel_obj = self.get_queryset(instance=instance).get(**filter_args)
              ^^^^^^^^^^^^^^^^^^^^^^^^^^^^^^^^^^^^^^^^^^^^^^^^^^^^^^^
  File "C:\Users\lcpir\AppData\Local\pypoetry\Cache\virtualenvs\eleveia-api-169xUqfy-py3.11\Lib\site-packages\django\db\models\query.py", line 629, in get
    num = len(clone)
          ^^^^^^^^^^
  File "C:\Users\lcpir\AppData\Local\pypoetry\Cache\virtualenvs\eleveia-api-169xUqfy-py3.11\Lib\site-packages\django\db\models\query.py", line 366, in __len__
    self._fetch_all()
  File "C:\Users\lcpir\AppData\Local\pypoetry\Cache\virtualenvs\eleveia-api-169xUqfy-py3.11\Lib\site-packages\django\db\models\query.py", line 1949, in _fetch_all
    self._result_cache = list(self._iterable_class(self))
                         ^^^^^^^^^^^^^^^^^^^^^^^^^^^^^^^^
  File "C:\Users\lcpir\AppData\Local\pypoetry\Cache\virtualenvs\eleveia-api-169xUqfy-py3.11\Lib\site-packages\django\db\models\query.py", line 91, in __iter__
    results = compiler.execute_sql(
              ^^^^^^^^^^^^^^^^^^^^^
  File "C:\Users\lcpir\AppData\Local\pypoetry\Cache\virtualenvs\eleveia-api-169xUqfy-py3.11\Lib\site-packages\django\db\models\sql\compiler.py", line 1623, in execute_sql
    cursor.execute(sql, params)
  File "C:\Users\lcpir\AppData\Local\pypoetry\Cache\virtualenvs\eleveia-api-169xUqfy-py3.11\Lib\site-packages\django\db\backends\utils.py", line 122, in execute
    return super().execute(sql, params)
           ^^^^^^^^^^^^^^^^^^^^^^^^^^^^
  File "C:\Users\lcpir\AppData\Local\pypoetry\Cache\virtualenvs\eleveia-api-169xUqfy-py3.11\Lib\site-packages\django\db\backends\utils.py", line 79, in execute
    return self._execute_with_wrappers(
           ^^^^^^^^^^^^^^^^^^^^^^^^^^^^
  File "C:\Users\lcpir\AppData\Local\pypoetry\Cache\virtualenvs\eleveia-api-169xUqfy-py3.11\Lib\site-packages\django\db\backends\utils.py", line 92, in _execute_with_wrappers
    return executor(sql, params, many, context)
           ^^^^^^^^^^^^^^^^^^^^^^^^^^^^^^^^^^^^
  File "C:\Users\lcpir\AppData\Local\pypoetry\Cache\virtualenvs\eleveia-api-169xUqfy-py3.11\Lib\site-packages\django\db\backends\utils.py", line 100, in _execute
    with self.db.wrap_database_errors:
  File "C:\Users\lcpir\AppData\Local\pypoetry\Cache\virtualenvs\eleveia-api-169xUqfy-py3.11\Lib\site-packages\django\db\utils.py", line 91, in __exit__
    raise dj_exc_value.with_traceback(traceback) from exc_value
  File "C:\Users\lcpir\AppData\Local\pypoetry\Cache\virtualenvs\eleveia-api-169xUqfy-py3.11\Lib\site-packages\django\db\backends\utils.py", line 105, in _execute
    return self.cursor.execute(sql, params)
           ^^^^^^^^^^^^^^^^^^^^^^^^^^^^^^^^
django.db.utils.ProgrammingError: column users_userprofile.phone does not exist
LINE 1: ...profile"."role", "users_userprofile"."is_active", "users_use...
                                                             ^

ERROR 2026-01-15 14:37:47,425 basehttp 18648 4708 "GET /api/v1/schools/ HTTP/1.1" 500 189698
ERROR 2026-01-15 14:57:05,711 log 5840 4904 Internal Server Error: /api/v1/schools/
Traceback (most recent call last):
  File "C:\Users\lcpir\AppData\Local\pypoetry\Cache\virtualenvs\eleveia-api-169xUqfy-py3.11\Lib\site-packages\django\db\models\fields\related_descriptors.py", line 516, in __get__
    rel_obj = self.related.get_cached_value(instance)
              ^^^^^^^^^^^^^^^^^^^^^^^^^^^^^^^^^^^^^^^
  File "C:\Users\lcpir\AppData\Local\pypoetry\Cache\virtualenvs\eleveia-api-169xUqfy-py3.11\Lib\site-packages\django\db\models\fields\mixins.py", line 37, in get_cached_value
    return instance._state.fields_cache[self.cache_name]
           ~~~~~~~~~~~~~~~~~~~~~~~~~~~~^^^^^^^^^^^^^^^^^
KeyError: 'profile'

During handling of the above exception, another exception occurred:

Traceback (most recent call last):
  File "C:\Users\lcpir\AppData\Local\pypoetry\Cache\virtualenvs\eleveia-api-169xUqfy-py3.11\Lib\site-packages\django\db\backends\utils.py", line 105, in _execute
    return self.cursor.execute(sql, params)
           ^^^^^^^^^^^^^^^^^^^^^^^^^^^^^^^^
psycopg2.errors.UndefinedColumn: column users_userprofile.phone does not exist
LINE 1: ...profile"."role", "users_userprofile"."is_active", "users_use...
                                                             ^


The above exception was the direct cause of the following exception:

Traceback (most recent call last):
  File "C:\Users\lcpir\AppData\Local\pypoetry\Cache\virtualenvs\eleveia-api-169xUqfy-py3.11\Lib\site-packages\django\core\handlers\exception.py", line 55, in inner
    response = get_response(request)
               ^^^^^^^^^^^^^^^^^^^^^
  File "C:\Users\lcpir\AppData\Local\pypoetry\Cache\virtualenvs\eleveia-api-169xUqfy-py3.11\Lib\site-packages\django\core\handlers\base.py", line 197, in _get_response
    response = wrapped_callback(request, *callback_args, **callback_kwargs)
               ^^^^^^^^^^^^^^^^^^^^^^^^^^^^^^^^^^^^^^^^^^^^^^^^^^^^^^^^^^^^
  File "C:\Users\lcpir\AppData\Local\pypoetry\Cache\virtualenvs\eleveia-api-169xUqfy-py3.11\Lib\site-packages\django\views\decorators\csrf.py", line 65, in _view_wrapper
    return view_func(request, *args, **kwargs)
           ^^^^^^^^^^^^^^^^^^^^^^^^^^^^^^^^^^^
  File "C:\Users\lcpir\AppData\Local\pypoetry\Cache\virtualenvs\eleveia-api-169xUqfy-py3.11\Lib\site-packages\rest_framework\viewsets.py", line 125, in view
    return self.dispatch(request, *args, **kwargs)
           ^^^^^^^^^^^^^^^^^^^^^^^^^^^^^^^^^^^^^^^
  File "C:\Users\lcpir\AppData\Local\pypoetry\Cache\virtualenvs\eleveia-api-169xUqfy-py3.11\Lib\site-packages\rest_framework\views.py", line 515, in dispatch
    response = self.handle_exception(exc)
               ^^^^^^^^^^^^^^^^^^^^^^^^^^
  File "C:\Users\lcpir\AppData\Local\pypoetry\Cache\virtualenvs\eleveia-api-169xUqfy-py3.11\Lib\site-packages\rest_framework\views.py", line 475, in handle_exception
    self.raise_uncaught_exception(exc)
  File "C:\Users\lcpir\AppData\Local\pypoetry\Cache\virtualenvs\eleveia-api-169xUqfy-py3.11\Lib\site-packages\rest_framework\views.py", line 486, in raise_uncaught_exception
    raise exc
  File "C:\Users\lcpir\AppData\Local\pypoetry\Cache\virtualenvs\eleveia-api-169xUqfy-py3.11\Lib\site-packages\rest_framework\views.py", line 512, in dispatch
    response = handler(request, *args, **kwargs)
               ^^^^^^^^^^^^^^^^^^^^^^^^^^^^^^^^^
  File "C:\Users\lcpir\AppData\Local\pypoetry\Cache\virtualenvs\eleveia-api-169xUqfy-py3.11\Lib\site-packages\rest_framework\mixins.py", line 42, in list
    serializer = self.get_serializer(page, many=True)
                 ^^^^^^^^^^^^^^^^^^^^^^^^^^^^^^^^^^^^
  File "C:\Users\lcpir\AppData\Local\pypoetry\Cache\virtualenvs\eleveia-api-169xUqfy-py3.11\Lib\site-packages\rest_framework\generics.py", line 112, in get_serializer
    serializer_class = self.get_serializer_class()
                       ^^^^^^^^^^^^^^^^^^^^^^^^^^^
  File "C:\Users\lcpir\OneDrive\Documentos\projetos\eleveia-api\apps\schools\views.py", line 40, in get_serializer_class
    if hasattr(self.request.user, 'profile'):
       ^^^^^^^^^^^^^^^^^^^^^^^^^^^^^^^^^^^^^
  File "C:\Users\lcpir\AppData\Local\pypoetry\Cache\virtualenvs\eleveia-api-169xUqfy-py3.11\Lib\site-packages\django\utils\functional.py", line 253, in inner
    return func(_wrapped, *args)
           ^^^^^^^^^^^^^^^^^^^^^
  File "C:\Users\lcpir\AppData\Local\pypoetry\Cache\virtualenvs\eleveia-api-169xUqfy-py3.11\Lib\site-packages\django\db\models\fields\related_descriptors.py", line 523, in __get__
    rel_obj = self.get_queryset(instance=instance).get(**filter_args)
              ^^^^^^^^^^^^^^^^^^^^^^^^^^^^^^^^^^^^^^^^^^^^^^^^^^^^^^^
  File "C:\Users\lcpir\AppData\Local\pypoetry\Cache\virtualenvs\eleveia-api-169xUqfy-py3.11\Lib\site-packages\django\db\models\query.py", line 629, in get
    num = len(clone)
          ^^^^^^^^^^
  File "C:\Users\lcpir\AppData\Local\pypoetry\Cache\virtualenvs\eleveia-api-169xUqfy-py3.11\Lib\site-packages\django\db\models\query.py", line 366, in __len__
    self._fetch_all()
  File "C:\Users\lcpir\AppData\Local\pypoetry\Cache\virtualenvs\eleveia-api-169xUqfy-py3.11\Lib\site-packages\django\db\models\query.py", line 1949, in _fetch_all
    self._result_cache = list(self._iterable_class(self))
                         ^^^^^^^^^^^^^^^^^^^^^^^^^^^^^^^^
  File "C:\Users\lcpir\AppData\Local\pypoetry\Cache\virtualenvs\eleveia-api-169xUqfy-py3.11\Lib\site-packages\django\db\models\query.py", line 91, in __iter__
    results = compiler.execute_sql(
              ^^^^^^^^^^^^^^^^^^^^^
  File "C:\Users\lcpir\AppData\Local\pypoetry\Cache\virtualenvs\eleveia-api-169xUqfy-py3.11\Lib\site-packages\django\db\models\sql\compiler.py", line 1623, in execute_sql
    cursor.execute(sql, params)
  File "C:\Users\lcpir\AppData\Local\pypoetry\Cache\virtualenvs\eleveia-api-169xUqfy-py3.11\Lib\site-packages\django\db\backends\utils.py", line 122, in execute
    return super().execute(sql, params)
           ^^^^^^^^^^^^^^^^^^^^^^^^^^^^
  File "C:\Users\lcpir\AppData\Local\pypoetry\Cache\virtualenvs\eleveia-api-169xUqfy-py3.11\Lib\site-packages\django\db\backends\utils.py", line 79, in execute
    return self._execute_with_wrappers(
           ^^^^^^^^^^^^^^^^^^^^^^^^^^^^
  File "C:\Users\lcpir\AppData\Local\pypoetry\Cache\virtualenvs\eleveia-api-169xUqfy-py3.11\Lib\site-packages\django\db\backends\utils.py", line 92, in _execute_with_wrappers
    return executor(sql, params, many, context)
           ^^^^^^^^^^^^^^^^^^^^^^^^^^^^^^^^^^^^
  File "C:\Users\lcpir\AppData\Local\pypoetry\Cache\virtualenvs\eleveia-api-169xUqfy-py3.11\Lib\site-packages\django\db\backends\utils.py", line 100, in _execute
    with self.db.wrap_database_errors:
  File "C:\Users\lcpir\AppData\Local\pypoetry\Cache\virtualenvs\eleveia-api-169xUqfy-py3.11\Lib\site-packages\django\db\utils.py", line 91, in __exit__
    raise dj_exc_value.with_traceback(traceback) from exc_value
  File "C:\Users\lcpir\AppData\Local\pypoetry\Cache\virtualenvs\eleveia-api-169xUqfy-py3.11\Lib\site-packages\django\db\backends\utils.py", line 105, in _execute
    return self.cursor.execute(sql, params)
           ^^^^^^^^^^^^^^^^^^^^^^^^^^^^^^^^
django.db.utils.ProgrammingError: column users_userprofile.phone does not exist
LINE 1: ...profile"."role", "users_userprofile"."is_active", "users_use...
                                                             ^

ERROR 2026-01-15 14:57:05,724 basehttp 5840 4904 "GET /api/v1/schools/ HTTP/1.1" 500 189698
ERROR 2026-01-15 14:57:09,132 log 5840 4904 Internal Server Error: /api/v1/schools/
Traceback (most recent call last):
  File "C:\Users\lcpir\AppData\Local\pypoetry\Cache\virtualenvs\eleveia-api-169xUqfy-py3.11\Lib\site-packages\django\db\models\fields\related_descriptors.py", line 516, in __get__
    rel_obj = self.related.get_cached_value(instance)
              ^^^^^^^^^^^^^^^^^^^^^^^^^^^^^^^^^^^^^^^
  File "C:\Users\lcpir\AppData\Local\pypoetry\Cache\virtualenvs\eleveia-api-169xUqfy-py3.11\Lib\site-packages\django\db\models\fields\mixins.py", line 37, in get_cached_value
    return instance._state.fields_cache[self.cache_name]
           ~~~~~~~~~~~~~~~~~~~~~~~~~~~~^^^^^^^^^^^^^^^^^
KeyError: 'profile'

During handling of the above exception, another exception occurred:

Traceback (most recent call last):
  File "C:\Users\lcpir\AppData\Local\pypoetry\Cache\virtualenvs\eleveia-api-169xUqfy-py3.11\Lib\site-packages\django\db\backends\utils.py", line 105, in _execute
    return self.cursor.execute(sql, params)
           ^^^^^^^^^^^^^^^^^^^^^^^^^^^^^^^^
psycopg2.errors.UndefinedColumn: column users_userprofile.phone does not exist
LINE 1: ...profile"."role", "users_userprofile"."is_active", "users_use...
                                                             ^


The above exception was the direct cause of the following exception:

Traceback (most recent call last):
  File "C:\Users\lcpir\AppData\Local\pypoetry\Cache\virtualenvs\eleveia-api-169xUqfy-py3.11\Lib\site-packages\django\core\handlers\exception.py", line 55, in inner
    response = get_response(request)
               ^^^^^^^^^^^^^^^^^^^^^
  File "C:\Users\lcpir\AppData\Local\pypoetry\Cache\virtualenvs\eleveia-api-169xUqfy-py3.11\Lib\site-packages\django\core\handlers\base.py", line 197, in _get_response
    response = wrapped_callback(request, *callback_args, **callback_kwargs)
               ^^^^^^^^^^^^^^^^^^^^^^^^^^^^^^^^^^^^^^^^^^^^^^^^^^^^^^^^^^^^
  File "C:\Users\lcpir\AppData\Local\pypoetry\Cache\virtualenvs\eleveia-api-169xUqfy-py3.11\Lib\site-packages\django\views\decorators\csrf.py", line 65, in _view_wrapper
    return view_func(request, *args, **kwargs)
           ^^^^^^^^^^^^^^^^^^^^^^^^^^^^^^^^^^^
  File "C:\Users\lcpir\AppData\Local\pypoetry\Cache\virtualenvs\eleveia-api-169xUqfy-py3.11\Lib\site-packages\rest_framework\viewsets.py", line 125, in view
    return self.dispatch(request, *args, **kwargs)
           ^^^^^^^^^^^^^^^^^^^^^^^^^^^^^^^^^^^^^^^
  File "C:\Users\lcpir\AppData\Local\pypoetry\Cache\virtualenvs\eleveia-api-169xUqfy-py3.11\Lib\site-packages\rest_framework\views.py", line 515, in dispatch
    response = self.handle_exception(exc)
               ^^^^^^^^^^^^^^^^^^^^^^^^^^
  File "C:\Users\lcpir\AppData\Local\pypoetry\Cache\virtualenvs\eleveia-api-169xUqfy-py3.11\Lib\site-packages\rest_framework\views.py", line 475, in handle_exception
    self.raise_uncaught_exception(exc)
  File "C:\Users\lcpir\AppData\Local\pypoetry\Cache\virtualenvs\eleveia-api-169xUqfy-py3.11\Lib\site-packages\rest_framework\views.py", line 486, in raise_uncaught_exception
    raise exc
  File "C:\Users\lcpir\AppData\Local\pypoetry\Cache\virtualenvs\eleveia-api-169xUqfy-py3.11\Lib\site-packages\rest_framework\views.py", line 512, in dispatch
    response = handler(request, *args, **kwargs)
               ^^^^^^^^^^^^^^^^^^^^^^^^^^^^^^^^^
  File "C:\Users\lcpir\AppData\Local\pypoetry\Cache\virtualenvs\eleveia-api-169xUqfy-py3.11\Lib\site-packages\rest_framework\mixins.py", line 42, in list
    serializer = self.get_serializer(page, many=True)
                 ^^^^^^^^^^^^^^^^^^^^^^^^^^^^^^^^^^^^
  File "C:\Users\lcpir\AppData\Local\pypoetry\Cache\virtualenvs\eleveia-api-169xUqfy-py3.11\Lib\site-packages\rest_framework\generics.py", line 112, in get_serializer
    serializer_class = self.get_serializer_class()
                       ^^^^^^^^^^^^^^^^^^^^^^^^^^^
  File "C:\Users\lcpir\OneDrive\Documentos\projetos\eleveia-api\apps\schools\views.py", line 40, in get_serializer_class
    if hasattr(self.request.user, 'profile'):
       ^^^^^^^^^^^^^^^^^^^^^^^^^^^^^^^^^^^^^
  File "C:\Users\lcpir\AppData\Local\pypoetry\Cache\virtualenvs\eleveia-api-169xUqfy-py3.11\Lib\site-packages\django\utils\functional.py", line 253, in inner
    return func(_wrapped, *args)
           ^^^^^^^^^^^^^^^^^^^^^
  File "C:\Users\lcpir\AppData\Local\pypoetry\Cache\virtualenvs\eleveia-api-169xUqfy-py3.11\Lib\site-packages\django\db\models\fields\related_descriptors.py", line 523, in __get__
    rel_obj = self.get_queryset(instance=instance).get(**filter_args)
              ^^^^^^^^^^^^^^^^^^^^^^^^^^^^^^^^^^^^^^^^^^^^^^^^^^^^^^^
  File "C:\Users\lcpir\AppData\Local\pypoetry\Cache\virtualenvs\eleveia-api-169xUqfy-py3.11\Lib\site-packages\django\db\models\query.py", line 629, in get
    num = len(clone)
          ^^^^^^^^^^
  File "C:\Users\lcpir\AppData\Local\pypoetry\Cache\virtualenvs\eleveia-api-169xUqfy-py3.11\Lib\site-packages\django\db\models\query.py", line 366, in __len__
    self._fetch_all()
  File "C:\Users\lcpir\AppData\Local\pypoetry\Cache\virtualenvs\eleveia-api-169xUqfy-py3.11\Lib\site-packages\django\db\models\query.py", line 1949, in _fetch_all
    self._result_cache = list(self._iterable_class(self))
                         ^^^^^^^^^^^^^^^^^^^^^^^^^^^^^^^^
  File "C:\Users\lcpir\AppData\Local\pypoetry\Cache\virtualenvs\eleveia-api-169xUqfy-py3.11\Lib\site-packages\django\db\models\query.py", line 91, in __iter__
    results = compiler.execute_sql(
              ^^^^^^^^^^^^^^^^^^^^^
  File "C:\Users\lcpir\AppData\Local\pypoetry\Cache\virtualenvs\eleveia-api-169xUqfy-py3.11\Lib\site-packages\django\db\models\sql\compiler.py", line 1623, in execute_sql
    cursor.execute(sql, params)
  File "C:\Users\lcpir\AppData\Local\pypoetry\Cache\virtualenvs\eleveia-api-169xUqfy-py3.11\Lib\site-packages\django\db\backends\utils.py", line 122, in execute
    return super().execute(sql, params)
           ^^^^^^^^^^^^^^^^^^^^^^^^^^^^
  File "C:\Users\lcpir\AppData\Local\pypoetry\Cache\virtualenvs\eleveia-api-169xUqfy-py3.11\Lib\site-packages\django\db\backends\utils.py", line 79, in execute
    return self._execute_with_wrappers(
           ^^^^^^^^^^^^^^^^^^^^^^^^^^^^
  File "C:\Users\lcpir\AppData\Local\pypoetry\Cache\virtualenvs\eleveia-api-169xUqfy-py3.11\Lib\site-packages\django\db\backends\utils.py", line 92, in _execute_with_wrappers
    return executor(sql, params, many, context)
           ^^^^^^^^^^^^^^^^^^^^^^^^^^^^^^^^^^^^
  File "C:\Users\lcpir\AppData\Local\pypoetry\Cache\virtualenvs\eleveia-api-169xUqfy-py3.11\Lib\site-packages\django\db\backends\utils.py", line 100, in _execute
    with self.db.wrap_database_errors:
  File "C:\Users\lcpir\AppData\Local\pypoetry\Cache\virtualenvs\eleveia-api-169xUqfy-py3.11\Lib\site-packages\django\db\utils.py", line 91, in __exit__
    raise dj_exc_value.with_traceback(traceback) from exc_value
  File "C:\Users\lcpir\AppData\Local\pypoetry\Cache\virtualenvs\eleveia-api-169xUqfy-py3.11\Lib\site-packages\django\db\backends\utils.py", line 105, in _execute
    return self.cursor.execute(sql, params)
           ^^^^^^^^^^^^^^^^^^^^^^^^^^^^^^^^
django.db.utils.ProgrammingError: column users_userprofile.phone does not exist
LINE 1: ...profile"."role", "users_userprofile"."is_active", "users_use...
                                                             ^

ERROR 2026-01-15 14:57:09,137 basehttp 5840 4904 "GET /api/v1/schools/ HTTP/1.1" 500 189698
ERROR 2026-01-15 14:57:12,381 log 5840 4904 Internal Server Error: /api/v1/schools/
Traceback (most recent call last):
  File "C:\Users\lcpir\AppData\Local\pypoetry\Cache\virtualenvs\eleveia-api-169xUqfy-py3.11\Lib\site-packages\django\db\models\fields\related_descriptors.py", line 516, in __get__
    rel_obj = self.related.get_cached_value(instance)
              ^^^^^^^^^^^^^^^^^^^^^^^^^^^^^^^^^^^^^^^
  File "C:\Users\lcpir\AppData\Local\pypoetry\Cache\virtualenvs\eleveia-api-169xUqfy-py3.11\Lib\site-packages\django\db\models\fields\mixins.py", line 37, in get_cached_value
    return instance._state.fields_cache[self.cache_name]
           ~~~~~~~~~~~~~~~~~~~~~~~~~~~~^^^^^^^^^^^^^^^^^
KeyError: 'profile'

During handling of the above exception, another exception occurred:

Traceback (most recent call last):
  File "C:\Users\lcpir\AppData\Local\pypoetry\Cache\virtualenvs\eleveia-api-169xUqfy-py3.11\Lib\site-packages\django\db\backends\utils.py", line 105, in _execute
    return self.cursor.execute(sql, params)
           ^^^^^^^^^^^^^^^^^^^^^^^^^^^^^^^^
psycopg2.errors.UndefinedColumn: column users_userprofile.phone does not exist
LINE 1: ...profile"."role", "users_userprofile"."is_active", "users_use...
                                                             ^


The above exception was the direct cause of the following exception:

Traceback (most recent call last):
  File "C:\Users\lcpir\AppData\Local\pypoetry\Cache\virtualenvs\eleveia-api-169xUqfy-py3.11\Lib\site-packages\django\core\handlers\exception.py", line 55, in inner
    response = get_response(request)
               ^^^^^^^^^^^^^^^^^^^^^
  File "C:\Users\lcpir\AppData\Local\pypoetry\Cache\virtualenvs\eleveia-api-169xUqfy-py3.11\Lib\site-packages\django\core\handlers\base.py", line 197, in _get_response
    response = wrapped_callback(request, *callback_args, **callback_kwargs)
               ^^^^^^^^^^^^^^^^^^^^^^^^^^^^^^^^^^^^^^^^^^^^^^^^^^^^^^^^^^^^
  File "C:\Users\lcpir\AppData\Local\pypoetry\Cache\virtualenvs\eleveia-api-169xUqfy-py3.11\Lib\site-packages\django\views\decorators\csrf.py", line 65, in _view_wrapper
    return view_func(request, *args, **kwargs)
           ^^^^^^^^^^^^^^^^^^^^^^^^^^^^^^^^^^^
  File "C:\Users\lcpir\AppData\Local\pypoetry\Cache\virtualenvs\eleveia-api-169xUqfy-py3.11\Lib\site-packages\rest_framework\viewsets.py", line 125, in view
    return self.dispatch(request, *args, **kwargs)
           ^^^^^^^^^^^^^^^^^^^^^^^^^^^^^^^^^^^^^^^
  File "C:\Users\lcpir\AppData\Local\pypoetry\Cache\virtualenvs\eleveia-api-169xUqfy-py3.11\Lib\site-packages\rest_framework\views.py", line 515, in dispatch
    response = self.handle_exception(exc)
               ^^^^^^^^^^^^^^^^^^^^^^^^^^
  File "C:\Users\lcpir\AppData\Local\pypoetry\Cache\virtualenvs\eleveia-api-169xUqfy-py3.11\Lib\site-packages\rest_framework\views.py", line 475, in handle_exception
    self.raise_uncaught_exception(exc)
  File "C:\Users\lcpir\AppData\Local\pypoetry\Cache\virtualenvs\eleveia-api-169xUqfy-py3.11\Lib\site-packages\rest_framework\views.py", line 486, in raise_uncaught_exception
    raise exc
  File "C:\Users\lcpir\AppData\Local\pypoetry\Cache\virtualenvs\eleveia-api-169xUqfy-py3.11\Lib\site-packages\rest_framework\views.py", line 512, in dispatch
    response = handler(request, *args, **kwargs)
               ^^^^^^^^^^^^^^^^^^^^^^^^^^^^^^^^^
  File "C:\Users\lcpir\AppData\Local\pypoetry\Cache\virtualenvs\eleveia-api-169xUqfy-py3.11\Lib\site-packages\rest_framework\mixins.py", line 42, in list
    serializer = self.get_serializer(page, many=True)
                 ^^^^^^^^^^^^^^^^^^^^^^^^^^^^^^^^^^^^
  File "C:\Users\lcpir\AppData\Local\pypoetry\Cache\virtualenvs\eleveia-api-169xUqfy-py3.11\Lib\site-packages\rest_framework\generics.py", line 112, in get_serializer
    serializer_class = self.get_serializer_class()
                       ^^^^^^^^^^^^^^^^^^^^^^^^^^^
  File "C:\Users\lcpir\OneDrive\Documentos\projetos\eleveia-api\apps\schools\views.py", line 40, in get_serializer_class
    if hasattr(self.request.user, 'profile'):
       ^^^^^^^^^^^^^^^^^^^^^^^^^^^^^^^^^^^^^
  File "C:\Users\lcpir\AppData\Local\pypoetry\Cache\virtualenvs\eleveia-api-169xUqfy-py3.11\Lib\site-packages\django\utils\functional.py", line 253, in inner
    return func(_wrapped, *args)
           ^^^^^^^^^^^^^^^^^^^^^
  File "C:\Users\lcpir\AppData\Local\pypoetry\Cache\virtualenvs\eleveia-api-169xUqfy-py3.11\Lib\site-packages\django\db\models\fields\related_descriptors.py", line 523, in __get__
    rel_obj = self.get_queryset(instance=instance).get(**filter_args)
              ^^^^^^^^^^^^^^^^^^^^^^^^^^^^^^^^^^^^^^^^^^^^^^^^^^^^^^^
  File "C:\Users\lcpir\AppData\Local\pypoetry\Cache\virtualenvs\eleveia-api-169xUqfy-py3.11\Lib\site-packages\django\db\models\query.py", line 629, in get
    num = len(clone)
          ^^^^^^^^^^
  File "C:\Users\lcpir\AppData\Local\pypoetry\Cache\virtualenvs\eleveia-api-169xUqfy-py3.11\Lib\site-packages\django\db\models\query.py", line 366, in __len__
    self._fetch_all()
  File "C:\Users\lcpir\AppData\Local\pypoetry\Cache\virtualenvs\eleveia-api-169xUqfy-py3.11\Lib\site-packages\django\db\models\query.py", line 1949, in _fetch_all
    self._result_cache = list(self._iterable_class(self))
                         ^^^^^^^^^^^^^^^^^^^^^^^^^^^^^^^^
  File "C:\Users\lcpir\AppData\Local\pypoetry\Cache\virtualenvs\eleveia-api-169xUqfy-py3.11\Lib\site-packages\django\db\models\query.py", line 91, in __iter__
    results = compiler.execute_sql(
              ^^^^^^^^^^^^^^^^^^^^^
  File "C:\Users\lcpir\AppData\Local\pypoetry\Cache\virtualenvs\eleveia-api-169xUqfy-py3.11\Lib\site-packages\django\db\models\sql\compiler.py", line 1623, in execute_sql
    cursor.execute(sql, params)
  File "C:\Users\lcpir\AppData\Local\pypoetry\Cache\virtualenvs\eleveia-api-169xUqfy-py3.11\Lib\site-packages\django\db\backends\utils.py", line 122, in execute
    return super().execute(sql, params)
           ^^^^^^^^^^^^^^^^^^^^^^^^^^^^
  File "C:\Users\lcpir\AppData\Local\pypoetry\Cache\virtualenvs\eleveia-api-169xUqfy-py3.11\Lib\site-packages\django\db\backends\utils.py", line 79, in execute
    return self._execute_with_wrappers(
           ^^^^^^^^^^^^^^^^^^^^^^^^^^^^
  File "C:\Users\lcpir\AppData\Local\pypoetry\Cache\virtualenvs\eleveia-api-169xUqfy-py3.11\Lib\site-packages\django\db\backends\utils.py", line 92, in _execute_with_wrappers
    return executor(sql, params, many, context)
           ^^^^^^^^^^^^^^^^^^^^^^^^^^^^^^^^^^^^
  File "C:\Users\lcpir\AppData\Local\pypoetry\Cache\virtualenvs\eleveia-api-169xUqfy-py3.11\Lib\site-packages\django\db\backends\utils.py", line 100, in _execute
    with self.db.wrap_database_errors:
  File "C:\Users\lcpir\AppData\Local\pypoetry\Cache\virtualenvs\eleveia-api-169xUqfy-py3.11\Lib\site-packages\django\db\utils.py", line 91, in __exit__
    raise dj_exc_value.with_traceback(traceback) from exc_value
  File "C:\Users\lcpir\AppData\Local\pypoetry\Cache\virtualenvs\eleveia-api-169xUqfy-py3.11\Lib\site-packages\django\db\backends\utils.py", line 105, in _execute
    return self.cursor.execute(sql, params)
           ^^^^^^^^^^^^^^^^^^^^^^^^^^^^^^^^
django.db.utils.ProgrammingError: column users_userprofile.phone does not exist
LINE 1: ...profile"."role", "users_userprofile"."is_active", "users_use...
                                                             ^

ERROR 2026-01-15 14:57:12,386 basehttp 5840 4904 "GET /api/v1/schools/ HTTP/1.1" 500 189698
ERROR 2026-01-15 14:57:37,801 log 5072 16832 Internal Server Error: /api/v1/schools/
Traceback (most recent call last):
  File "C:\Users\lcpir\AppData\Local\pypoetry\Cache\virtualenvs\eleveia-api-169xUqfy-py3.11\Lib\site-packages\django\db\models\fields\related_descriptors.py", line 516, in __get__
    rel_obj = self.related.get_cached_value(instance)
              ^^^^^^^^^^^^^^^^^^^^^^^^^^^^^^^^^^^^^^^
  File "C:\Users\lcpir\AppData\Local\pypoetry\Cache\virtualenvs\eleveia-api-169xUqfy-py3.11\Lib\site-packages\django\db\models\fields\mixins.py", line 37, in get_cached_value
    return instance._state.fields_cache[self.cache_name]
           ~~~~~~~~~~~~~~~~~~~~~~~~~~~~^^^^^^^^^^^^^^^^^
KeyError: 'profile'

During handling of the above exception, another exception occurred:

Traceback (most recent call last):
  File "C:\Users\lcpir\AppData\Local\pypoetry\Cache\virtualenvs\eleveia-api-169xUqfy-py3.11\Lib\site-packages\django\db\backends\utils.py", line 105, in _execute
    return self.cursor.execute(sql, params)
           ^^^^^^^^^^^^^^^^^^^^^^^^^^^^^^^^
psycopg2.errors.UndefinedColumn: column users_userprofile.phone does not exist
LINE 1: ...profile"."role", "users_userprofile"."is_active", "users_use...
                                                             ^


The above exception was the direct cause of the following exception:

Traceback (most recent call last):
  File "C:\Users\lcpir\AppData\Local\pypoetry\Cache\virtualenvs\eleveia-api-169xUqfy-py3.11\Lib\site-packages\django\core\handlers\exception.py", line 55, in inner
    response = get_response(request)
               ^^^^^^^^^^^^^^^^^^^^^
  File "C:\Users\lcpir\AppData\Local\pypoetry\Cache\virtualenvs\eleveia-api-169xUqfy-py3.11\Lib\site-packages\django\core\handlers\base.py", line 197, in _get_response
    response = wrapped_callback(request, *callback_args, **callback_kwargs)
               ^^^^^^^^^^^^^^^^^^^^^^^^^^^^^^^^^^^^^^^^^^^^^^^^^^^^^^^^^^^^
  File "C:\Users\lcpir\AppData\Local\pypoetry\Cache\virtualenvs\eleveia-api-169xUqfy-py3.11\Lib\site-packages\django\views\decorators\csrf.py", line 65, in _view_wrapper
    return view_func(request, *args, **kwargs)
           ^^^^^^^^^^^^^^^^^^^^^^^^^^^^^^^^^^^
  File "C:\Users\lcpir\AppData\Local\pypoetry\Cache\virtualenvs\eleveia-api-169xUqfy-py3.11\Lib\site-packages\rest_framework\viewsets.py", line 125, in view
    return self.dispatch(request, *args, **kwargs)
           ^^^^^^^^^^^^^^^^^^^^^^^^^^^^^^^^^^^^^^^
  File "C:\Users\lcpir\AppData\Local\pypoetry\Cache\virtualenvs\eleveia-api-169xUqfy-py3.11\Lib\site-packages\rest_framework\views.py", line 515, in dispatch
    response = self.handle_exception(exc)
               ^^^^^^^^^^^^^^^^^^^^^^^^^^
  File "C:\Users\lcpir\AppData\Local\pypoetry\Cache\virtualenvs\eleveia-api-169xUqfy-py3.11\Lib\site-packages\rest_framework\views.py", line 475, in handle_exception
    self.raise_uncaught_exception(exc)
  File "C:\Users\lcpir\AppData\Local\pypoetry\Cache\virtualenvs\eleveia-api-169xUqfy-py3.11\Lib\site-packages\rest_framework\views.py", line 486, in raise_uncaught_exception
    raise exc
  File "C:\Users\lcpir\AppData\Local\pypoetry\Cache\virtualenvs\eleveia-api-169xUqfy-py3.11\Lib\site-packages\rest_framework\views.py", line 512, in dispatch
    response = handler(request, *args, **kwargs)
               ^^^^^^^^^^^^^^^^^^^^^^^^^^^^^^^^^
  File "C:\Users\lcpir\AppData\Local\pypoetry\Cache\virtualenvs\eleveia-api-169xUqfy-py3.11\Lib\site-packages\rest_framework\mixins.py", line 42, in list
    serializer = self.get_serializer(page, many=True)
                 ^^^^^^^^^^^^^^^^^^^^^^^^^^^^^^^^^^^^
  File "C:\Users\lcpir\AppData\Local\pypoetry\Cache\virtualenvs\eleveia-api-169xUqfy-py3.11\Lib\site-packages\rest_framework\generics.py", line 112, in get_serializer
    serializer_class = self.get_serializer_class()
                       ^^^^^^^^^^^^^^^^^^^^^^^^^^^
  File "C:\Users\lcpir\OneDrive\Documentos\projetos\eleveia-api\apps\schools\views.py", line 40, in get_serializer_class
    if hasattr(self.request.user, 'profile'):
       ^^^^^^^^^^^^^^^^^^^^^^^^^^^^^^^^^^^^^
  File "C:\Users\lcpir\AppData\Local\pypoetry\Cache\virtualenvs\eleveia-api-169xUqfy-py3.11\Lib\site-packages\django\utils\functional.py", line 253, in inner
    return func(_wrapped, *args)
           ^^^^^^^^^^^^^^^^^^^^^
  File "C:\Users\lcpir\AppData\Local\pypoetry\Cache\virtualenvs\eleveia-api-169xUqfy-py3.11\Lib\site-packages\django\db\models\fields\related_descriptors.py", line 523, in __get__
    rel_obj = self.get_queryset(instance=instance).get(**filter_args)
              ^^^^^^^^^^^^^^^^^^^^^^^^^^^^^^^^^^^^^^^^^^^^^^^^^^^^^^^
  File "C:\Users\lcpir\AppData\Local\pypoetry\Cache\virtualenvs\eleveia-api-169xUqfy-py3.11\Lib\site-packages\django\db\models\query.py", line 629, in get
    num = len(clone)
          ^^^^^^^^^^
  File "C:\Users\lcpir\AppData\Local\pypoetry\Cache\virtualenvs\eleveia-api-169xUqfy-py3.11\Lib\site-packages\django\db\models\query.py", line 366, in __len__
    self._fetch_all()
  File "C:\Users\lcpir\AppData\Local\pypoetry\Cache\virtualenvs\eleveia-api-169xUqfy-py3.11\Lib\site-packages\django\db\models\query.py", line 1949, in _fetch_all
    self._result_cache = list(self._iterable_class(self))
                         ^^^^^^^^^^^^^^^^^^^^^^^^^^^^^^^^
  File "C:\Users\lcpir\AppData\Local\pypoetry\Cache\virtualenvs\eleveia-api-169xUqfy-py3.11\Lib\site-packages\django\db\models\query.py", line 91, in __iter__
    results = compiler.execute_sql(
              ^^^^^^^^^^^^^^^^^^^^^
  File "C:\Users\lcpir\AppData\Local\pypoetry\Cache\virtualenvs\eleveia-api-169xUqfy-py3.11\Lib\site-packages\django\db\models\sql\compiler.py", line 1623, in execute_sql
    cursor.execute(sql, params)
  File "C:\Users\lcpir\AppData\Local\pypoetry\Cache\virtualenvs\eleveia-api-169xUqfy-py3.11\Lib\site-packages\django\db\backends\utils.py", line 122, in execute
    return super().execute(sql, params)
           ^^^^^^^^^^^^^^^^^^^^^^^^^^^^
  File "C:\Users\lcpir\AppData\Local\pypoetry\Cache\virtualenvs\eleveia-api-169xUqfy-py3.11\Lib\site-packages\django\db\backends\utils.py", line 79, in execute
    return self._execute_with_wrappers(
           ^^^^^^^^^^^^^^^^^^^^^^^^^^^^
  File "C:\Users\lcpir\AppData\Local\pypoetry\Cache\virtualenvs\eleveia-api-169xUqfy-py3.11\Lib\site-packages\django\db\backends\utils.py", line 92, in _execute_with_wrappers
    return executor(sql, params, many, context)
           ^^^^^^^^^^^^^^^^^^^^^^^^^^^^^^^^^^^^
  File "C:\Users\lcpir\AppData\Local\pypoetry\Cache\virtualenvs\eleveia-api-169xUqfy-py3.11\Lib\site-packages\django\db\backends\utils.py", line 100, in _execute
    with self.db.wrap_database_errors:
  File "C:\Users\lcpir\AppData\Local\pypoetry\Cache\virtualenvs\eleveia-api-169xUqfy-py3.11\Lib\site-packages\django\db\utils.py", line 91, in __exit__
    raise dj_exc_value.with_traceback(traceback) from exc_value
  File "C:\Users\lcpir\AppData\Local\pypoetry\Cache\virtualenvs\eleveia-api-169xUqfy-py3.11\Lib\site-packages\django\db\backends\utils.py", line 105, in _execute
    return self.cursor.execute(sql, params)
           ^^^^^^^^^^^^^^^^^^^^^^^^^^^^^^^^
django.db.utils.ProgrammingError: column users_userprofile.phone does not exist
LINE 1: ...profile"."role", "users_userprofile"."is_active", "users_use...
                                                             ^

ERROR 2026-01-15 14:57:37,810 basehttp 5072 16832 "GET /api/v1/schools/ HTTP/1.1" 500 189698
